23:32:53: Creating resource group General
23:32:53: Creating resource group Internal
23:32:53: Creating resource group Autodetect
23:32:53: SceneManagerFactory for type 'DefaultSceneManager' registered.
23:32:53: Registering ResourceManager for type Material
23:32:53: Registering ResourceManager for type Mesh
23:32:53: Registering ResourceManager for type Skeleton
23:32:53: MovableObjectFactory for type 'ParticleSystem' registered.
23:32:53: OverlayElementFactory for type Panel registered.
23:32:53: OverlayElementFactory for type BorderPanel registered.
23:32:53: OverlayElementFactory for type TextArea registered.
23:32:53: Registering ResourceManager for type Font
23:32:53: ArchiveFactory for archive type FileSystem registered.
23:32:53: ArchiveFactory for archive type Zip registered.
23:32:53: DDS codec registering
23:32:53: FreeImage version: 3.13.1
23:32:53: This program uses FreeImage, a free, open source image library supporting all common bitmap formats. See http://freeimage.sourceforge.net for details
23:32:53: Supported formats: bmp,ico,jpg,jif,jpeg,jpe,jng,koa,iff,lbm,mng,pbm,pbm,pcd,pcx,pgm,pgm,png,ppm,ppm,ras,tga,targa,tif,tiff,wap,wbmp,wbm,psd,cut,xbm,xpm,gif,hdr,g3,sgi,exr,j2k,j2c,jp2,pfm,pct,pict,pic,bay,bmq,cr2,crw,cs1,dc2,dcr,dng,erf,fff,hdr,k25,kdc,mdc,mos,mrw,nef,orf,pef,pxn,raf,raw,rdc,sr2,srf,arw,3fr,cine,ia,kc2,mef,nrw,qtk,rw2,sti,drf,dsc,ptx,cap,iiq,rwz
23:32:53: PVRTC codec registering
23:32:53: Registering ResourceManager for type HighLevelGpuProgram
23:32:53: Registering ResourceManager for type Compositor
23:32:53: MovableObjectFactory for type 'Entity' registered.
23:32:53: MovableObjectFactory for type 'Light' registered.
23:32:53: MovableObjectFactory for type 'BillboardSet' registered.
23:32:53: MovableObjectFactory for type 'ManualObject' registered.
23:32:53: MovableObjectFactory for type 'BillboardChain' registered.
23:32:53: MovableObjectFactory for type 'RibbonTrail' registered.
23:32:53: Loading library Plugins\RenderSystem_GL
23:32:53: Installing plugin: GL RenderSystem
23:32:53: OpenGL Rendering Subsystem created.
23:32:54: Plugin successfully installed
23:32:54: Loading library Plugins\Plugin_OctreeSceneManager
23:32:54: Installing plugin: Octree & Terrain Scene Manager
23:32:54: Plugin successfully installed
23:32:54: Loading library Plugins\Plugin_CgProgramManager
23:32:54: Installing plugin: Cg Program Manager
23:32:54: Plugin successfully installed
23:32:54: *-*-* OGRE Initialising
23:32:54: *-*-* Version 1.7.4 (Cthugha)
23:32:55: CPU Identifier & Features
23:32:55: -------------------------
23:32:55:  *   CPU ID: GenuineIntel: Intel(R) Core(TM) i7-3610QM CPU @ 2.30GHz
23:32:55:  *      SSE: yes
23:32:55:  *     SSE2: yes
23:32:55:  *     SSE3: yes
23:32:55:  *      MMX: yes
23:32:55:  *   MMXEXT: yes
23:32:55:  *    3DNOW: no
23:32:55:  * 3DNOWEXT: no
23:32:55:  *     CMOV: yes
23:32:55:  *      TSC: yes
23:32:55:  *      FPU: yes
23:32:55:  *      PRO: yes
23:32:55:  *       HT: no
23:32:55: -------------------------
23:32:55: *** Starting Win32GL Subsystem ***
23:32:55: GLRenderSystem::_createRenderWindow "SkyLands", 1024x768 windowed  miscParams: FSAA=0 FSAAHint= colourDepth=32 displayFrequency=0 gamma=false vsync=true vsyncInterval=1 
23:32:55: Created Win32Window 'SkyLands' : 1040x806, 32bpp
23:32:56: GL_VERSION = 4.0.0 - Build 9.17.10.2932
23:32:56: GL_VENDOR = Intel
23:32:56: GL_RENDERER = Intel(R) HD Graphics 4000
23:32:56: GL_EXTENSIONS = GL_EXT_blend_minmax GL_EXT_blend_subtract GL_EXT_blend_color GL_EXT_abgr GL_EXT_texture3D GL_EXT_clip_volume_hint GL_EXT_compiled_vertex_array GL_SGIS_texture_edge_clamp GL_SGIS_generate_mipmap GL_EXT_draw_range_elements GL_SGIS_texture_lod GL_EXT_rescale_normal GL_EXT_packed_pixels GL_EXT_texture_edge_clamp GL_EXT_separate_specular_color GL_ARB_multitexture GL_EXT_texture_env_combine GL_EXT_bgra GL_EXT_blend_func_separate GL_EXT_secondary_color GL_EXT_fog_coord GL_EXT_texture_env_add GL_ARB_texture_cube_map GL_ARB_transpose_matrix GL_ARB_texture_env_add GL_IBM_texture_mirrored_repeat GL_EXT_multi_draw_arrays GL_SUN_multi_draw_arrays GL_NV_blend_square GL_ARB_texture_compression GL_3DFX_texture_compression_FXT1 GL_EXT_texture_filter_anisotropic GL_ARB_texture_border_clamp GL_ARB_point_parameters GL_ARB_texture_env_combine GL_ARB_texture_env_dot3 GL_ARB_texture_env_crossbar GL_EXT_texture_compression_s3tc GL_ARB_shadow GL_ARB_window_pos GL_EXT_shadow_funcs GL_EXT_stencil_wrap GL_ARB_vertex_program GL_EXT_texture_rectangle GL_ARB_fragment_program GL_EXT_stencil_two_side GL_ATI_separate_stencil GL_ARB_vertex_buffer_object GL_EXT_texture_lod_bias GL_ARB_occlusion_query GL_ARB_fragment_shader GL_ARB_shader_objects GL_ARB_shading_language_100 GL_ARB_texture_non_power_of_two GL_ARB_vertex_shader GL_NV_texgen_reflection GL_ARB_point_sprite GL_ARB_fragment_program_shadow GL_EXT_blend_equation_separate GL_ARB_depth_texture GL_ARB_texture_rectangle GL_ARB_draw_buffers GL_ARB_color_buffer_float GL_ARB_half_float_pixel GL_ARB_texture_float GL_ARB_pixel_buffer_object GL_EXT_framebuffer_object GL_ARB_draw_instanced GL_ARB_half_float_vertex GL_ARB_occlusion_query2 GL_EXT_draw_buffers2 GL_WIN_swap_hint GL_EXT_texture_sRGB GL_ARB_multisample GL_EXT_packed_float GL_EXT_texture_shared_exponent GL_ARB_texture_rg GL_ARB_texture_compression_rgtc GL_NV_conditional_render GL_EXT_texture_swizzle GL_ARB_texture_gather GL_ARB_sync GL_ARB_framebuffer_sRGB GL_EXT_packed_depth_stencil GL_ARB_depth_buffer_float GL_EXT_transform_feedback GL_ARB_transform_feedback2 GL_ARB_draw_indirect GL_EXT_framebuffer_blit GL_EXT_framebuffer_multisample GL_ARB_framebuffer_object GL_EXT_texture_array GL_EXT_texture_integer GL_ARB_map_buffer_range GL_EXT_texture_snorm GL_ARB_blend_func_extended GL_INTEL_performance_queries GL_ARB_copy_buffer GL_ARB_sampler_objects GL_NV_primitive_restart GL_ARB_seamless_cube_map GL_ARB_uniform_buffer_object GL_ARB_depth_clamp GL_ARB_vertex_array_bgra GL_ARB_shader_bit_encoding GL_ARB_draw_buffers_blend GL_ARB_geometry_shader4 GL_ARB_texture_query_lod GL_ARB_explicit_attrib_location GL_ARB_draw_elements_base_vertex GL_ARB_instanced_arrays GL_ARB_fragment_coord_conventions GL_EXT_gpu_program_parameters GL_ARB_texture_buffer_object_rgb32 GL_ARB_compatibility GL_ARB_texture_rgb10_a2ui GL_ARB_texture_multisample GL_ARB_vertex_type_2_10_10_10_rev GL_ARB_timer_query GL_INTEL_map_texture GL_ARB_tessellation_shader GL_ARB_vertex_array_object GL_ARB_provoking_vertex GL_ARB_sample_shading GL_ARB_texture_cube_map_array GL_ARB_gpu_shader5 GL_ARB_gpu_shader_fp64 GL_ARB_shader_subroutine GL_ARB_transform_feedback3 
23:32:56: Supported WGL extensions: WGL_EXT_depth_float WGL_ARB_buffer_region WGL_ARB_extensions_string WGL_ARB_make_current_read WGL_ARB_pixel_format WGL_ARB_pbuffer WGL_EXT_extensions_string WGL_EXT_swap_control WGL_EXT_swap_control_tear WGL_ARB_multisample WGL_ARB_pixel_format_float WGL_ARB_framebuffer_sRGB WGL_ARB_create_context WGL_ARB_create_context_profile WGL_EXT_pixel_format_packed_float WGL_EXT_create_context_es2_profile 
23:32:56: ***************************
23:32:56: *** GL Renderer Started ***
23:32:56: ***************************
23:32:56: Registering ResourceManager for type GpuProgram
23:32:56: GLSL support detected
23:32:56: GL: Using GL_EXT_framebuffer_object for rendering to textures (best)
23:32:56: FBO PF_UNKNOWN depth/stencil support: D0S1 D0S4 D0S8 D0S16 D16S0 D24S0 D32S0 Packed-D24S8 
23:32:56: FBO PF_A8 depth/stencil support: D0S0 D0S1 D0S4 D0S8 D0S16 D16S0 D24S0 D32S0 Packed-D24S8 
23:32:56: FBO PF_R5G6B5 depth/stencil support: D0S0 D0S1 D0S4 D0S8 D0S16 D16S0 D24S0 D32S0 Packed-D24S8 
23:32:56: FBO PF_B5G6R5 depth/stencil support: D0S0 D0S1 D0S4 D0S8 D0S16 D16S0 D24S0 D32S0 Packed-D24S8 
23:32:56: FBO PF_R8G8B8 depth/stencil support: D0S0 D0S1 D0S4 D0S8 D0S16 D16S0 D24S0 D32S0 Packed-D24S8 
23:32:56: FBO PF_B8G8R8 depth/stencil support: D0S0 D0S1 D0S4 D0S8 D0S16 D16S0 D24S0 D32S0 Packed-D24S8 
23:32:56: FBO PF_A8R8G8B8 depth/stencil support: D0S0 D0S1 D0S4 D0S8 D0S16 D16S0 D24S0 D32S0 Packed-D24S8 
23:32:56: FBO PF_B8G8R8A8 depth/stencil support: D0S0 D0S1 D0S4 D0S8 D0S16 D16S0 D24S0 D32S0 Packed-D24S8 
23:32:56: FBO PF_A2R10G10B10 depth/stencil support: D0S0 D0S1 D0S4 D0S8 D0S16 D16S0 D24S0 D32S0 Packed-D24S8 
23:32:56: FBO PF_A2B10G10R10 depth/stencil support: D0S0 D0S1 D0S4 D0S8 D0S16 D16S0 D24S0 D32S0 Packed-D24S8 
23:32:56: FBO PF_FLOAT16_RGB depth/stencil support: D0S0 D0S1 D0S4 D0S8 D0S16 D16S0 D24S0 D32S0 Packed-D24S8 
23:32:56: FBO PF_FLOAT16_RGBA depth/stencil support: D0S0 D0S1 D0S4 D0S8 D0S16 D16S0 D24S0 D32S0 Packed-D24S8 
23:32:56: FBO PF_FLOAT32_RGB depth/stencil support: D0S0 D0S1 D0S4 D0S8 D0S16 D16S0 D24S0 D32S0 Packed-D24S8 
23:32:56: FBO PF_FLOAT32_RGBA depth/stencil support: D0S0 D0S1 D0S4 D0S8 D0S16 D16S0 D24S0 D32S0 Packed-D24S8 
23:32:56: FBO PF_X8R8G8B8 depth/stencil support: D0S0 D0S1 D0S4 D0S8 D0S16 D16S0 D24S0 D32S0 Packed-D24S8 
23:32:56: FBO PF_X8B8G8R8 depth/stencil support: D0S0 D0S1 D0S4 D0S8 D0S16 D16S0 D24S0 D32S0 Packed-D24S8 
23:32:56: FBO PF_SHORT_RGBA depth/stencil support: D0S0 D0S1 D0S4 D0S8 D0S16 D16S0 D24S0 D32S0 Packed-D24S8 
23:32:56: FBO PF_R3G3B2 depth/stencil support: D0S0 D0S1 D0S4 D0S8 D0S16 D16S0 D24S0 D32S0 Packed-D24S8 
23:32:56: FBO PF_SHORT_RGB depth/stencil support: D0S0 D0S1 D0S4 D0S8 D0S16 D16S0 D24S0 D32S0 Packed-D24S8 
23:32:56: [GL] : Valid FBO targets PF_UNKNOWN PF_A8 PF_R5G6B5 PF_B5G6R5 PF_R8G8B8 PF_B8G8R8 PF_A8R8G8B8 PF_B8G8R8A8 PF_A2R10G10B10 PF_A2B10G10R10 PF_FLOAT16_RGB PF_FLOAT16_RGBA PF_FLOAT32_RGB PF_FLOAT32_RGBA PF_X8R8G8B8 PF_X8B8G8R8 PF_SHORT_RGBA PF_R3G3B2 PF_SHORT_RGB 
23:32:56: RenderSystem capabilities
23:32:56: -------------------------
23:32:56: RenderSystem Name: OpenGL Rendering Subsystem
23:32:56: GPU Vendor: intel
23:32:56: Device Name: Intel(R) HD Graphics 4000
23:32:56: Driver Version: 4.0.0.0
23:32:56:  * Fixed function pipeline: yes
23:32:56:  * Hardware generation of mipmaps: no
23:32:56:  * Texture blending: yes
23:32:56:  * Anisotropic texture filtering: yes
23:32:56:  * Dot product texture operation: yes
23:32:56:  * Cube mapping: yes
23:32:56:  * Hardware stencil buffer: yes
23:32:56:    - Stencil depth: 8
23:32:56:    - Two sided stencil support: yes
23:32:56:    - Wrap stencil values: yes
23:32:56:  * Hardware vertex / index buffers: yes
23:32:56:  * Vertex programs: yes
23:32:56:  * Number of floating-point constants for vertex programs: 256
23:32:56:  * Number of integer constants for vertex programs: 0
23:32:56:  * Number of boolean constants for vertex programs: 0
23:32:56:  * Fragment programs: yes
23:32:56:  * Number of floating-point constants for fragment programs: 256
23:32:56:  * Number of integer constants for fragment programs: 0
23:32:56:  * Number of boolean constants for fragment programs: 0
23:32:56:  * Geometry programs: no
23:32:56:  * Number of floating-point constants for geometry programs: 0
23:32:56:  * Number of integer constants for geometry programs: 0
23:32:56:  * Number of boolean constants for geometry programs: 0
23:32:56:  * Supported Shader Profiles: arbfp1 arbvp1 glsl
23:32:56:  * Texture Compression: yes
23:32:56:    - DXT: yes
23:32:56:    - VTC: no
23:32:56:    - PVRTC: no
23:32:56:  * Scissor Rectangle: yes
23:32:56:  * Hardware Occlusion Query: yes
23:32:56:  * User clip planes: yes
23:32:57:  * VET_UBYTE4 vertex element type: yes
23:32:57:  * Infinite far plane projection: yes
23:32:57:  * Hardware render-to-texture: yes
23:32:57:  * Floating point textures: yes
23:32:57:  * Non-power-of-two textures: yes
23:32:57:  * Volume textures: yes
23:32:57:  * Multiple Render Targets: 8
23:32:57:    - With different bit depths: yes
23:32:57:  * Point Sprites: yes
23:32:57:  * Extended point parameters: yes
23:32:57:  * Max Point Size: 255
23:32:57:  * Vertex texture fetch: yes
23:32:57:  * Number of world matrices: 0
23:32:57:  * Number of texture units: 16
23:32:57:  * Stencil buffer depth: 8
23:32:57:  * Number of vertex blend matrices: 0
23:32:57:    - Max vertex textures: 16
23:32:57:    - Vertex textures shared: yes
23:32:57:  * Render to Vertex Buffer : no
23:32:57:  * GL 1.5 without VBO workaround: no
23:32:57:  * Frame Buffer objects: yes
23:32:57:  * Frame Buffer objects (ARB extension): no
23:32:57:  * Frame Buffer objects (ATI extension): no
23:32:57:  * PBuffer support: yes
23:32:57:  * GL 1.5 without HW-occlusion workaround: no
23:32:57: Registering ResourceManager for type Texture
23:32:57: DefaultWorkQueue('Root') initialising on thread main.
23:32:57: Particle Renderer Type 'billboard' registered
23:32:57: SceneManagerFactory for type 'OctreeSceneManager' registered.
23:32:57: SceneManagerFactory for type 'TerrainSceneManager' registered.
23:32:57: Creating resource group Bootstrap
23:32:57: Added resource location './Media/packs/OgreCore.zip' of type 'Zip' to resource group 'Bootstrap'
23:32:57: Added resource location './Media' of type 'FileSystem' to resource group 'General'
23:32:57: Added resource location './Media/fonts' of type 'FileSystem' to resource group 'General'
23:32:57: Added resource location './Media/materials/scripts' of type 'FileSystem' to resource group 'General'
23:32:57: Added resource location './Media/materials/textures' of type 'FileSystem' to resource group 'General'
23:32:57: Added resource location './Media/models' of type 'FileSystem' to resource group 'General'
23:32:57: Added resource location './Media/packs/Sinbad.zip' of type 'Zip' to resource group 'General'
23:32:57: Added resource location './Media/packs/CaelumPack.zip' of type 'Zip' to resource group 'General'
23:32:57: Added resource location './Media/packs/MiyagiPack.zip' of type 'Zip' to resource group 'General'
23:32:57: Parsing scripts for resource group Autodetect
23:32:57: Finished parsing scripts for resource group Autodetect
23:32:57: Parsing scripts for resource group Bootstrap
23:32:57: Parsing script OgreCore.material
23:32:57: Parsing script OgreProfiler.material
23:32:57: Parsing script Ogre.fontdef
23:32:57: Parsing script OgreDebugPanel.overlay
23:32:57: Texture: New_Ogre_Border_Center.png: Loading 1 faces(PF_A8R8G8B8,256x128x1) with 5 generated mipmaps from Image. Internal format is PF_A8R8G8B8,256x128x1.
23:32:57: Texture: New_Ogre_Border.png: Loading 1 faces(PF_A8R8G8B8,256x256x1) with 5 generated mipmaps from Image. Internal format is PF_A8R8G8B8,256x256x1.
23:32:57: Texture: New_Ogre_Border_Break.png: Loading 1 faces(PF_A8R8G8B8,32x32x1) with 5 generated mipmaps from Image. Internal format is PF_A8R8G8B8,32x32x1.
23:32:57: Parsing script OgreLoadingPanel.overlay
23:32:57: Finished parsing scripts for resource group Bootstrap
23:32:57: Parsing scripts for resource group General
23:32:57: Parsing script DepthRender.program
23:32:57: Parsing script GroundFog.program
23:32:57: Parsing script Haze.program
23:32:57: Parsing script MinimalCompositorVP.program
23:32:57: Parsing script cube.material
23:32:57: Parsing script Sinbad.material
23:32:57: Parsing script SkyDome.material
23:32:57: Parsing script Starfield.material
23:32:57: Parsing script Sun.material
23:32:57: Parsing script DepthComposer.material
23:32:57: Parsing script GroundFog.material
23:32:57: Parsing script LayeredClouds.material
23:32:57: Parsing script moon.material
23:32:57: Parsing script PointStarfield.material
23:32:57: Parsing script Precipitation.material
23:32:57: Parsing script DepthComposer.compositor
23:32:57: Parsing script Precipitation.compositor
23:32:57: Finished parsing scripts for resource group General
23:32:57: Parsing scripts for resource group Internal
23:32:57: Finished parsing scripts for resource group Internal
23:32:57: ***********************Program's Log***********************
23:32:59: Texture: spot_shadow_fade.png: Loading 1 faces(PF_R8G8B8,128x128x1) with 5 generated mipmaps from Image. Internal format is PF_X8R8G8B8,128x128x1.
23:32:59: --- Try to start up state : Game.States.MainMenu
23:32:59: Menu Created
23:32:59: Texture: ConsoleBackground.png: Loading 1 faces(PF_A8R8G8B8,375x35x1) with 5 generated mipmaps from Image. Internal format is PF_A8R8G8B8,375x35x1.
23:33:00: Texture: SheetSprite.png: Loading 1 faces(PF_R8G8B8,200x146x1) with 5 generated mipmaps from Image. Internal format is PF_X8R8G8B8,200x146x1.
23:33:00: Texture: Mouse Cursor.png: Loading 1 faces(PF_A8R8G8B8,32x32x1) with 5 generated mipmaps from Image. Internal format is PF_A8R8G8B8,32x32x1.
23:33:01: --- Try to start up state : Game.States.SecondMenuState
23:33:02: --- Try to start up state : Game.States.LoadingState
23:33:02: --- Popped state : Game.States.LoadingState
23:33:02: --- Try to start up state : Game.States.GameState
23:33:03: Perlin generated
23:33:03: Perlin set
23:33:03: Island decorated
23:33:03: Now displaying
23:33:05: Caelum: Initialising Caelum system...
23:33:05: Caelum: Creating required internal resource group 'Caelum'
23:33:05: Creating resource group Caelum
23:33:05: CaelumSystem: Attached to viewport Mogre.Viewport render target SkyLands
23:33:05: Texture: EarthClearSky2.png: Loading 1 faces(PF_A8R8G8B8,64x64x1) with 0 generated mipmaps from Image. Internal format is PF_A8R8G8B8,64x64x1.
23:33:05: Texture: AtmosphereDepth.png: Loading 1 faces(PF_R8G8B8,32x1x1) with 5 generated mipmaps from Image. Internal format is PF_X8R8G8B8,32x1x1.
23:33:05: Caelum: Creating CaelumSphericDome sphere mesh resource...
23:33:05: Caelum: generateSphericDome DONE
23:33:05: Texture: sun_disc.png: Loading 1 faces(PF_A8R8G8B8,128x128x1) with 0 generated mipmaps from Image. Internal format is PF_A8R8G8B8,128x128x1.
23:33:05: Texture: Custom_sun_disc.png: Loading 1 faces(PF_A8R8G8B8,128x128x1) with 0 generated mipmaps from Image. Internal format is PF_A8R8G8B8,128x128x1.
23:33:05: Texture: moon_disc.dds: Loading 1 faces(PF_DXT3,512x512x1) with 9 custom mipmaps from Image. Internal format is PF_DXT3,512x512x1.
23:33:05: 
 
 New SpawnPoint at : Vector3(3250, 9000, 3000)
23:33:05: 2
23:33:05: 3
23:33:05: Mesh: Loading Sinbad.mesh.
23:33:05: Skeleton: Loading Sinbad.skeleton
23:33:05: WARNING: Sinbad.mesh is an older format ([MeshSerializer_v1.40]); you should upgrade it as soon as possible using the OgreMeshUpgrade tool.
23:33:05: Texture: sinbad_body.tga: Loading 1 faces(PF_R8G8B8,512x512x1) with 5 generated mipmaps from Image. Internal format is PF_X8R8G8B8,512x512x1.
23:33:06: Texture: sinbad_clothes.tga: Loading 1 faces(PF_R8G8B8,512x512x1) with 5 generated mipmaps from Image. Internal format is PF_X8R8G8B8,512x512x1.
23:33:06: Texture: sinbad_sword.tga: Loading 1 faces(PF_R8G8B8,256x256x1) with 5 generated mipmaps from Image. Internal format is PF_X8R8G8B8,256x256x1.
23:33:06: WARNING: the mesh 'Sinbad.mesh' includes vertices with more than 4 bone assignments. The lowest weighted assignments beyond this limit have been removed, so your animation may look slightly different. To eliminate this, reduce the number of bone assignments per vertex on your mesh to 4.
23:33:06: Mesh: Loading Sword.mesh.
23:33:06: WARNING: Sword.mesh is an older format ([MeshSerializer_v1.40]); you should upgrade it as soon as possible using the OgreMeshUpgrade tool.
23:33:06: Mesh: Loading cube.mesh.
23:33:06: WARNING: cube.mesh is an older format ([MeshSerializer_v1.40]); you should upgrade it as soon as possible using the OgreMeshUpgrade tool.
23:33:06: Can't assign material 1 - Default to SubEntity of Ogre/MO3 because this Material does not exist. Have you forgotten to define it in a .material script?
23:33:06: Can't assign material 1 - Default to SubEntity of Ogre/MO4 because this Material does not exist. Have you forgotten to define it in a .material script?
23:33:06: Can't assign material 1 - Default to SubEntity of Ogre/MO5 because this Material does not exist. Have you forgotten to define it in a .material script?
23:33:06: Can't assign material 1 - Default to SubEntity of Ogre/MO6 because this Material does not exist. Have you forgotten to define it in a .material script?
23:33:06: Can't assign material 1 - Default to SubEntity of Ogre/MO7 because this Material does not exist. Have you forgotten to define it in a .material script?
23:33:06: Can't assign material 1 - Default to SubEntity of Ogre/MO8 because this Material does not exist. Have you forgotten to define it in a .material script?
23:33:06: Can't assign material 1 - Default to SubEntity of Ogre/MO9 because this Material does not exist. Have you forgotten to define it in a .material script?
23:33:06: Can't assign material 1 - Default to SubEntity of Ogre/MO10 because this Material does not exist. Have you forgotten to define it in a .material script?
23:33:06: Can't assign material 1 - Default to SubEntity of Ogre/MO11 because this Material does not exist. Have you forgotten to define it in a .material script?
23:33:06: Can't assign material 1 - Default to SubEntity of Ogre/MO12 because this Material does not exist. Have you forgotten to define it in a .material script?
23:33:06: Can't assign material 1 - Default to SubEntity of Ogre/MO13 because this Material does not exist. Have you forgotten to define it in a .material script?
23:33:06: Can't assign material 1 - Default to SubEntity of Ogre/MO14 because this Material does not exist. Have you forgotten to define it in a .material script?
23:33:06: Can't assign material 1 - Default to SubEntity of Ogre/MO15 because this Material does not exist. Have you forgotten to define it in a .material script?
23:33:06: Can't assign material 1 - Default to SubEntity of Ogre/MO16 because this Material does not exist. Have you forgotten to define it in a .material script?
23:33:06: Can't assign material 1 - Default to SubEntity of Ogre/MO17 because this Material does not exist. Have you forgotten to define it in a .material script?
23:33:06: Can't assign material 1 - Default to SubEntity of Ogre/MO18 because this Material does not exist. Have you forgotten to define it in a .material script?
23:33:06: Can't assign material 1 - Default to SubEntity of Ogre/MO19 because this Material does not exist. Have you forgotten to define it in a .material script?
23:33:06: Can't assign material 1 - Default to SubEntity of Ogre/MO20 because this Material does not exist. Have you forgotten to define it in a .material script?
23:33:06: Can't assign material 1 - Default to SubEntity of Ogre/MO21 because this Material does not exist. Have you forgotten to define it in a .material script?
23:33:06: Can't assign material 1 - Default to SubEntity of Ogre/MO22 because this Material does not exist. Have you forgotten to define it in a .material script?
23:33:06: Can't assign material 1 - Default to SubEntity of Ogre/MO23 because this Material does not exist. Have you forgotten to define it in a .material script?
23:33:06: Can't assign material 1 - Default to SubEntity of Ogre/MO24 because this Material does not exist. Have you forgotten to define it in a .material script?
23:33:06: Can't assign material 1 - Default to SubEntity of Ogre/MO25 because this Material does not exist. Have you forgotten to define it in a .material script?
23:33:06: Can't assign material 1 - Default to SubEntity of Ogre/MO26 because this Material does not exist. Have you forgotten to define it in a .material script?
23:33:06: Can't assign material 1 - Default to SubEntity of Ogre/MO27 because this Material does not exist. Have you forgotten to define it in a .material script?
23:33:06: Can't assign material 1 - Default to SubEntity of Ogre/MO28 because this Material does not exist. Have you forgotten to define it in a .material script?
23:33:06: Can't assign material 1 - Default to SubEntity of Ogre/MO29 because this Material does not exist. Have you forgotten to define it in a .material script?
23:33:06: Can't assign material 1 - Default to SubEntity of Ogre/MO30 because this Material does not exist. Have you forgotten to define it in a .material script?
23:33:06: Can't assign material 1 - Default to SubEntity of Ogre/MO31 because this Material does not exist. Have you forgotten to define it in a .material script?
23:33:06: Can't assign material 1 - Default to SubEntity of Ogre/MO32 because this Material does not exist. Have you forgotten to define it in a .material script?
23:33:06: Can't assign material 1 - Default to SubEntity of Ogre/MO33 because this Material does not exist. Have you forgotten to define it in a .material script?
23:33:06: Can't assign material 1 - Default to SubEntity of Ogre/MO34 because this Material does not exist. Have you forgotten to define it in a .material script?
23:33:06: Can't assign material 1 - Default to SubEntity of Ogre/MO35 because this Material does not exist. Have you forgotten to define it in a .material script?
23:33:06: Can't assign material 1 - Default to SubEntity of Ogre/MO36 because this Material does not exist. Have you forgotten to define it in a .material script?
23:33:06: Can't assign material 1 - Default to SubEntity of Ogre/MO37 because this Material does not exist. Have you forgotten to define it in a .material script?
23:33:06: Can't assign material 1 - Default to SubEntity of Ogre/MO38 because this Material does not exist. Have you forgotten to define it in a .material script?
23:33:06: Can't assign material 1 - Default to SubEntity of Ogre/MO39 because this Material does not exist. Have you forgotten to define it in a .material script?
23:33:06: Can't assign material 1 - Default to SubEntity of Ogre/MO40 because this Material does not exist. Have you forgotten to define it in a .material script?
23:33:06: Can't assign material 1 - Default to SubEntity of Ogre/MO41 because this Material does not exist. Have you forgotten to define it in a .material script?
23:33:06: Can't assign material 1 - Default to SubEntity of Ogre/MO42 because this Material does not exist. Have you forgotten to define it in a .material script?
23:33:06: Can't assign material 1 - Default to SubEntity of Ogre/MO43 because this Material does not exist. Have you forgotten to define it in a .material script?
23:33:06: Can't assign material 1 - Default to SubEntity of Ogre/MO44 because this Material does not exist. Have you forgotten to define it in a .material script?
23:33:06: Can't assign material 1 - Default to SubEntity of Ogre/MO45 because this Material does not exist. Have you forgotten to define it in a .material script?
23:33:06: Can't assign material 1 - Default to SubEntity of Ogre/MO46 because this Material does not exist. Have you forgotten to define it in a .material script?
23:33:06: Can't assign material 1 - Default to SubEntity of Ogre/MO47 because this Material does not exist. Have you forgotten to define it in a .material script?
23:33:06: Player Sinbad added
23:33:06:  => Game loop begin
23:33:07: Caelum: Recomputing starfield geometry.
23:33:07: Texture: darkWood.jpg: Loading 1 faces(PF_R8G8B8,16x16x1) with 4 generated mipmaps from Image. Internal format is PF_X8R8G8B8,16x16x1.
23:33:07: Texture: towerWood.jpg: Loading 1 faces(PF_R8G8B8,16x16x1) with 4 generated mipmaps from Image. Internal format is PF_X8R8G8B8,16x16x1.
23:33:09: Texture: earth_side.jpg: Loading 1 faces(PF_R8G8B8,32x32x1) with 5 generated mipmaps from Image. Internal format is PF_X8R8G8B8,32x32x1.
23:33:09: Texture: grass3.jpg: Loading 1 faces(PF_R8G8B8,32x32x1) with 5 generated mipmaps from Image. Internal format is PF_X8R8G8B8,32x32x1.
23:33:09: Texture: dirt.jpg: Loading 1 faces(PF_R8G8B8,32x32x1) with 5 generated mipmaps from Image. Internal format is PF_X8R8G8B8,32x32x1.
23:33:10: Texture: stone.jpg: Loading 1 faces(PF_R8G8B8,32x32x1) with 5 generated mipmaps from Image. Internal format is PF_X8R8G8B8,32x32x1.
23:33:10: Texture: leaves.png: Loading 1 faces(PF_A8R8G8B8,16x16x1) with 4 generated mipmaps from Image. Internal format is PF_A8R8G8B8,16x16x1.
