21:02:25: Creating resource group General
21:02:25: Creating resource group Internal
21:02:25: Creating resource group Autodetect
21:02:25: SceneManagerFactory for type 'DefaultSceneManager' registered.
21:02:25: Registering ResourceManager for type Material
21:02:25: Registering ResourceManager for type Mesh
21:02:25: Registering ResourceManager for type Skeleton
21:02:25: MovableObjectFactory for type 'ParticleSystem' registered.
21:02:25: OverlayElementFactory for type Panel registered.
21:02:25: OverlayElementFactory for type BorderPanel registered.
21:02:25: OverlayElementFactory for type TextArea registered.
21:02:25: Registering ResourceManager for type Font
21:02:25: ArchiveFactory for archive type FileSystem registered.
21:02:25: ArchiveFactory for archive type Zip registered.
21:02:25: DDS codec registering
21:02:25: FreeImage version: 3.13.1
21:02:25: This program uses FreeImage, a free, open source image library supporting all common bitmap formats. See http://freeimage.sourceforge.net for details
21:02:25: Supported formats: bmp,ico,jpg,jif,jpeg,jpe,jng,koa,iff,lbm,mng,pbm,pbm,pcd,pcx,pgm,pgm,png,ppm,ppm,ras,tga,targa,tif,tiff,wap,wbmp,wbm,psd,cut,xbm,xpm,gif,hdr,g3,sgi,exr,j2k,j2c,jp2,pfm,pct,pict,pic,bay,bmq,cr2,crw,cs1,dc2,dcr,dng,erf,fff,hdr,k25,kdc,mdc,mos,mrw,nef,orf,pef,pxn,raf,raw,rdc,sr2,srf,arw,3fr,cine,ia,kc2,mef,nrw,qtk,rw2,sti,drf,dsc,ptx,cap,iiq,rwz
21:02:25: PVRTC codec registering
21:02:25: Registering ResourceManager for type HighLevelGpuProgram
21:02:25: Registering ResourceManager for type Compositor
21:02:25: MovableObjectFactory for type 'Entity' registered.
21:02:25: MovableObjectFactory for type 'Light' registered.
21:02:25: MovableObjectFactory for type 'BillboardSet' registered.
21:02:25: MovableObjectFactory for type 'ManualObject' registered.
21:02:25: MovableObjectFactory for type 'BillboardChain' registered.
21:02:25: MovableObjectFactory for type 'RibbonTrail' registered.
21:02:25: Loading library Plugins\RenderSystem_GL
21:02:25: Installing plugin: GL RenderSystem
21:02:25: OpenGL Rendering Subsystem created.
21:02:25: Plugin successfully installed
21:02:25: Loading library Plugins\Plugin_OctreeSceneManager
21:02:25: Installing plugin: Octree & Terrain Scene Manager
21:02:25: Plugin successfully installed
21:02:25: Loading library Plugins\Plugin_CgProgramManager
21:02:26: Installing plugin: Cg Program Manager
21:02:26: Plugin successfully installed
21:02:26: *-*-* OGRE Initialising
21:02:26: *-*-* Version 1.7.4 (Cthugha)
21:02:28: CPU Identifier & Features
21:02:28: -------------------------
21:02:28:  *   CPU ID: GenuineIntel: Intel(R) Core(TM) i5 CPU         750  @ 2.67GHz
21:02:28:  *      SSE: yes
21:02:28:  *     SSE2: yes
21:02:28:  *     SSE3: yes
21:02:28:  *      MMX: yes
21:02:28:  *   MMXEXT: yes
21:02:28:  *    3DNOW: no
21:02:28:  * 3DNOWEXT: no
21:02:28:  *     CMOV: yes
21:02:28:  *      TSC: yes
21:02:28:  *      FPU: yes
21:02:28:  *      PRO: yes
21:02:28:  *       HT: no
21:02:28: -------------------------
21:02:28: *** Starting Win32GL Subsystem ***
21:02:28: GLRenderSystem::_createRenderWindow "SkyLands", 1024x768 windowed  miscParams: FSAA=0 FSAAHint= colourDepth=32 displayFrequency=0 gamma=false vsync=true vsyncInterval=1 
21:02:28: Created Win32Window 'SkyLands' : 1040x806, 32bpp
21:02:28: GL_VERSION = 3.3.0
21:02:28: GL_VENDOR = NVIDIA Corporation
21:02:28: GL_RENDERER = GeForce GTS 250/PCIe/SSE2
21:02:28: GL_EXTENSIONS = GL_ARB_arrays_of_arrays GL_ARB_base_instance GL_ARB_blend_func_extended GL_ARB_clear_buffer_object GL_ARB_color_buffer_float GL_ARB_compatibility GL_ARB_compressed_texture_pixel_storage GL_ARB_conservative_depth GL_ARB_copy_buffer GL_ARB_copy_image GL_ARB_debug_output GL_ARB_depth_buffer_float GL_ARB_depth_clamp GL_ARB_depth_texture GL_ARB_draw_buffers GL_ARB_draw_elements_base_vertex GL_ARB_draw_instanced GL_ARB_ES2_compatibility GL_ARB_ES3_compatibility GL_ARB_explicit_attrib_location GL_ARB_explicit_uniform_location GL_ARB_fragment_coord_conventions GL_ARB_fragment_layer_viewport GL_ARB_fragment_program GL_ARB_fragment_program_shadow GL_ARB_fragment_shader GL_ARB_framebuffer_no_attachments GL_ARB_framebuffer_object GL_ARB_framebuffer_sRGB GL_ARB_geometry_shader4 GL_ARB_get_program_binary GL_ARB_half_float_pixel GL_ARB_half_float_vertex GL_ARB_imaging GL_ARB_instanced_arrays GL_ARB_internalformat_query GL_ARB_internalformat_query2 GL_ARB_invalidate_subdata GL_ARB_map_buffer_alignment GL_ARB_map_buffer_range GL_ARB_multisample GL_ARB_multitexture GL_ARB_occlusion_query GL_ARB_occlusion_query2 GL_ARB_pixel_buffer_object GL_ARB_point_parameters GL_ARB_point_sprite GL_ARB_program_interface_query GL_ARB_provoking_vertex GL_ARB_robust_buffer_access_behavior GL_ARB_robustness GL_ARB_sampler_objects GL_ARB_seamless_cube_map GL_ARB_separate_shader_objects GL_ARB_shader_bit_encoding GL_ARB_shader_objects GL_ARB_shader_texture_lod GL_ARB_shading_language_100 GL_ARB_shading_language_420pack GL_ARB_shading_language_include GL_ARB_shading_language_packing GL_ARB_shadow GL_ARB_stencil_texturing GL_ARB_sync GL_ARB_texture_border_clamp GL_ARB_texture_buffer_object GL_ARB_texture_buffer_range GL_ARB_texture_compression GL_ARB_texture_compression_rgtc GL_ARB_texture_cube_map GL_ARB_texture_env_add GL_ARB_texture_env_combine GL_ARB_texture_env_crossbar GL_ARB_texture_env_dot3 GL_ARB_texture_float GL_ARB_texture_mirrored_repeat GL_ARB_texture_multisample GL_ARB_texture_non_power_of_two GL_ARB_texture_query_levels GL_ARB_texture_rectangle GL_ARB_texture_rg GL_ARB_texture_rgb10_a2ui GL_ARB_texture_storage GL_ARB_texture_storage_multisample GL_ARB_texture_swizzle GL_ARB_texture_view GL_ARB_timer_query GL_ARB_transpose_matrix GL_ARB_uniform_buffer_object GL_ARB_vertex_array_bgra GL_ARB_vertex_array_object GL_ARB_vertex_attrib_binding GL_ARB_vertex_buffer_object GL_ARB_vertex_program GL_ARB_vertex_shader GL_ARB_vertex_type_2_10_10_10_rev GL_ARB_viewport_array GL_ARB_window_pos GL_ATI_draw_buffers GL_ATI_texture_float GL_ATI_texture_mirror_once GL_S3_s3tc GL_EXT_texture_env_add GL_EXT_abgr GL_EXT_bgra GL_EXT_bindable_uniform GL_EXT_blend_color GL_EXT_blend_equation_separate GL_EXT_blend_func_separate GL_EXT_blend_minmax GL_EXT_blend_subtract GL_EXT_compiled_vertex_array GL_EXT_Cg_shader GL_EXT_depth_bounds_test GL_EXT_direct_state_access GL_EXT_draw_buffers2 GL_EXT_draw_instanced GL_EXT_draw_range_elements GL_EXT_fog_coord GL_EXT_framebuffer_blit GL_EXT_framebuffer_multisample GL_EXTX_framebuffer_mixed_formats GL_EXT_framebuffer_multisample_blit_scaled GL_EXT_framebuffer_object GL_EXT_framebuffer_sRGB GL_EXT_geometry_shader4 GL_EXT_gpu_program_parameters GL_EXT_gpu_shader4 GL_EXT_multi_draw_arrays GL_EXT_packed_depth_stencil GL_EXT_packed_float GL_EXT_packed_pixels GL_EXT_pixel_buffer_object GL_EXT_point_parameters GL_EXT_provoking_vertex GL_EXT_rescale_normal GL_EXT_secondary_color GL_EXT_separate_shader_objects GL_EXT_separate_specular_color GL_EXT_shadow_funcs GL_EXT_stencil_two_side GL_EXT_stencil_wrap GL_EXT_texture3D GL_EXT_texture_array GL_EXT_texture_buffer_object GL_EXT_texture_compression_dxt1 GL_EXT_texture_compression_latc GL_EXT_texture_compression_rgtc GL_EXT_texture_compression_s3tc GL_EXT_texture_cube_map GL_EXT_texture_edge_clamp GL_EXT_texture_env_combine GL_EXT_texture_env_dot3 GL_EXT_texture_filter_anisotropic GL_EXT_texture_integer GL_EXT_texture_lod GL_EXT_texture_lod_bias GL_EXT_texture_mirror_clamp GL_EXT_texture_object GL_EXT_texture_shared_exponent GL_EXT_texture_sRGB GL_EXT_texture_sRGB_decode GL_EXT_texture_storage GL_EXT_texture_swizzle GL_EXT_timer_query GL_EXT_vertex_array GL_EXT_vertex_array_bgra GL_EXT_import_sync_object GL_IBM_rasterpos_clip GL_IBM_texture_mirrored_repeat GL_KHR_debug GL_KTX_buffer_region GL_NV_blend_square GL_NV_conditional_render GL_NV_copy_depth_to_color GL_NV_copy_image GL_NV_depth_buffer_float GL_NV_depth_clamp GL_NV_ES1_1_compatibility GL_NV_explicit_multisample GL_NV_fence GL_NV_float_buffer GL_NV_fog_distance GL_NV_fragment_program GL_NV_fragment_program_option GL_NV_fragment_program2 GL_NV_framebuffer_multisample_coverage GL_NV_geometry_shader4 GL_NV_gpu_program4 GL_NV_half_float GL_NV_light_max_exponent GL_NV_multisample_coverage GL_NV_multisample_filter_hint GL_NV_occlusion_query GL_NV_packed_depth_stencil GL_NV_parameter_buffer_object GL_NV_parameter_buffer_object2 GL_NV_path_rendering GL_NV_pixel_data_range GL_NV_point_sprite GL_NV_primitive_restart GL_NV_register_combiners GL_NV_register_combiners2 GL_NV_shader_buffer_load GL_NV_texgen_reflection GL_NV_texture_barrier GL_NV_texture_compression_vtc GL_NV_texture_env_combine4 GL_NV_texture_expand_normal GL_NV_texture_multisample GL_NV_texture_rectangle GL_NV_texture_shader GL_NV_texture_shader2 GL_NV_texture_shader3 GL_NV_transform_feedback GL_NV_vertex_array_range GL_NV_vertex_array_range2 GL_NV_vertex_buffer_unified_memory GL_NV_vertex_program GL_NV_vertex_program1_1 GL_NV_vertex_program2 GL_NV_vertex_program2_option GL_NV_vertex_program3 GL_NVX_conditional_render GL_NVX_gpu_memory_info GL_SGIS_generate_mipmap GL_SGIS_texture_lod GL_SGIX_depth_texture GL_SGIX_shadow GL_SUN_slice_accum GL_WIN_swap_hint WGL_EXT_swap_control 
21:02:28: Supported WGL extensions: WGL_ARB_buffer_region WGL_ARB_create_context WGL_ARB_create_context_profile WGL_ARB_create_context_robustness WGL_ARB_extensions_string WGL_ARB_make_current_read WGL_ARB_multisample WGL_ARB_pbuffer WGL_ARB_pixel_format WGL_ARB_pixel_format_float WGL_ARB_render_texture WGL_ATI_pixel_format_float WGL_EXT_create_context_es_profile WGL_EXT_create_context_es2_profile WGL_EXT_extensions_string WGL_EXT_framebuffer_sRGB WGL_EXT_pixel_format_packed_float WGL_EXT_swap_control WGL_EXT_swap_control_tear WGL_NVX_DX_interop WGL_NV_DX_interop WGL_NV_DX_interop2 WGL_NV_float_buffer WGL_NV_multisample_coverage WGL_NV_render_depth_texture WGL_NV_render_texture_rectangle 
21:02:28: ***************************
21:02:28: *** GL Renderer Started ***
21:02:28: ***************************
21:02:28: Registering ResourceManager for type GpuProgram
21:02:28: GLSL support detected
21:02:28: GL: Using GL_EXT_framebuffer_object for rendering to textures (best)
21:02:28: FBO PF_UNKNOWN depth/stencil support: D0S8 D16S0 D24S0 D32S0 Packed-D24S8 
21:02:28: FBO PF_L8 depth/stencil support: D0S0 D0S8 D16S0 D24S0 D32S0 Packed-D24S8 
21:02:28: FBO PF_A8 depth/stencil support: D0S0 D0S8 D16S0 D24S0 D32S0 Packed-D24S8 
21:02:28: FBO PF_A4L4 depth/stencil support: D0S0 D0S8 D16S0 D24S0 D32S0 Packed-D24S8 
21:02:28: FBO PF_BYTE_LA depth/stencil support: D0S0 D0S8 D16S0 D24S0 D32S0 Packed-D24S8 
21:02:28: FBO PF_R5G6B5 depth/stencil support: D0S0 D0S8 D16S0 D24S0 D32S0 Packed-D24S8 
21:02:28: FBO PF_B5G6R5 depth/stencil support: D0S0 D0S8 D16S0 D24S0 D32S0 Packed-D24S8 
21:02:28: FBO PF_A4R4G4B4 depth/stencil support: D0S0 D0S8 D16S0 D24S0 D32S0 Packed-D24S8 
21:02:28: FBO PF_A1R5G5B5 depth/stencil support: D0S0 D0S8 D16S0 D24S0 D32S0 Packed-D24S8 
21:02:28: FBO PF_R8G8B8 depth/stencil support: D0S0 D0S8 D16S0 D24S0 D32S0 Packed-D24S8 
21:02:28: FBO PF_B8G8R8 depth/stencil support: D0S0 D0S8 D16S0 D24S0 D32S0 Packed-D24S8 
21:02:28: FBO PF_A8R8G8B8 depth/stencil support: D0S0 D0S8 D16S0 D24S0 D32S0 Packed-D24S8 
21:02:28: FBO PF_B8G8R8A8 depth/stencil support: D0S0 D0S8 D16S0 D24S0 D32S0 Packed-D24S8 
21:02:28: FBO PF_A2R10G10B10 depth/stencil support: D0S0 D0S8 D16S0 D24S0 D32S0 Packed-D24S8 
21:02:28: FBO PF_A2B10G10R10 depth/stencil support: D0S0 D0S8 D16S0 D24S0 D32S0 Packed-D24S8 
21:02:28: FBO PF_FLOAT16_RGB depth/stencil support: D0S0 D0S8 D16S0 D24S0 D32S0 Packed-D24S8 
21:02:28: FBO PF_FLOAT16_RGBA depth/stencil support: D0S0 D0S8 D16S0 D24S0 D32S0 Packed-D24S8 
21:02:28: FBO PF_FLOAT32_RGB depth/stencil support: D0S0 D0S8 D16S0 D24S0 D32S0 Packed-D24S8 
21:02:28: FBO PF_FLOAT32_RGBA depth/stencil support: D0S0 D0S8 D16S0 D24S0 D32S0 Packed-D24S8 
21:02:28: FBO PF_X8R8G8B8 depth/stencil support: D0S0 D0S8 D16S0 D24S0 D32S0 Packed-D24S8 
21:02:28: FBO PF_X8B8G8R8 depth/stencil support: D0S0 D0S8 D16S0 D24S0 D32S0 Packed-D24S8 
21:02:28: FBO PF_SHORT_RGBA depth/stencil support: D0S0 D0S8 D16S0 D24S0 D32S0 Packed-D24S8 
21:02:28: FBO PF_R3G3B2 depth/stencil support: D0S0 D0S8 D16S0 D24S0 D32S0 Packed-D24S8 
21:02:28: FBO PF_FLOAT16_R depth/stencil support: D0S0 D0S8 D16S0 D24S0 D32S0 Packed-D24S8 
21:02:28: FBO PF_FLOAT32_R depth/stencil support: D0S0 D0S8 D16S0 D24S0 D32S0 Packed-D24S8 
21:02:28: FBO PF_FLOAT16_GR depth/stencil support: D0S0 D0S8 D16S0 D24S0 D32S0 Packed-D24S8 
21:02:28: FBO PF_FLOAT32_GR depth/stencil support: D0S0 D0S8 D16S0 D24S0 D32S0 Packed-D24S8 
21:02:28: FBO PF_SHORT_RGB depth/stencil support: D0S0 D0S8 D16S0 D24S0 D32S0 Packed-D24S8 
21:02:28: [GL] : Valid FBO targets PF_UNKNOWN PF_L8 PF_A8 PF_A4L4 PF_BYTE_LA PF_R5G6B5 PF_B5G6R5 PF_A4R4G4B4 PF_A1R5G5B5 PF_R8G8B8 PF_B8G8R8 PF_A8R8G8B8 PF_B8G8R8A8 PF_A2R10G10B10 PF_A2B10G10R10 PF_FLOAT16_RGB PF_FLOAT16_RGBA PF_FLOAT32_RGB PF_FLOAT32_RGBA PF_X8R8G8B8 PF_X8B8G8R8 PF_SHORT_RGBA PF_R3G3B2 PF_FLOAT16_R PF_FLOAT32_R PF_FLOAT16_GR PF_FLOAT32_GR PF_SHORT_RGB 
21:02:28: RenderSystem capabilities
21:02:28: -------------------------
21:02:28: RenderSystem Name: OpenGL Rendering Subsystem
21:02:28: GPU Vendor: nvidia
21:02:28: Device Name: GeForce GTS 250/PCIe/SSE2
21:02:28: Driver Version: 3.3.0.0
21:02:28:  * Fixed function pipeline: yes
21:02:28:  * Hardware generation of mipmaps: yes
21:02:28:  * Texture blending: yes
21:02:28:  * Anisotropic texture filtering: yes
21:02:28:  * Dot product texture operation: yes
21:02:28:  * Cube mapping: yes
21:02:28:  * Hardware stencil buffer: yes
21:02:28:    - Stencil depth: 8
21:02:28:    - Two sided stencil support: yes
21:02:28:    - Wrap stencil values: yes
21:02:28:  * Hardware vertex / index buffers: yes
21:02:28:  * Vertex programs: yes
21:02:28:  * Number of floating-point constants for vertex programs: 1024
21:02:28:  * Number of integer constants for vertex programs: 0
21:02:28:  * Number of boolean constants for vertex programs: 0
21:02:28:  * Fragment programs: yes
21:02:28:  * Number of floating-point constants for fragment programs: 512
21:02:28:  * Number of integer constants for fragment programs: 0
21:02:28:  * Number of boolean constants for fragment programs: 0
21:02:28:  * Geometry programs: yes
21:02:28:  * Number of floating-point constants for geometry programs: 2048
21:02:28:  * Number of integer constants for geometry programs: 0
21:02:28:  * Number of boolean constants for geometry programs: 0
21:02:28:  * Supported Shader Profiles: arbfp1 arbvp1 fp20 fp30 fp40 glsl gp4gp gp4vp gpu_gp gpu_vp nvgp4 vp30 vp40
21:02:28:  * Texture Compression: yes
21:02:28:    - DXT: yes
21:02:28:    - VTC: yes
21:02:28:    - PVRTC: no
21:02:28:  * Scissor Rectangle: yes
21:02:28:  * Hardware Occlusion Query: yes
21:02:28:  * User clip planes: yes
21:02:28:  * VET_UBYTE4 vertex element type: yes
21:02:28:  * Infinite far plane projection: yes
21:02:28:  * Hardware render-to-texture: yes
21:02:28:  * Floating point textures: yes
21:02:28:  * Non-power-of-two textures: yes
21:02:28:  * Volume textures: yes
21:02:28:  * Multiple Render Targets: 8
21:02:28:    - With different bit depths: yes
21:02:28:  * Point Sprites: yes
21:02:28:  * Extended point parameters: yes
21:02:28:  * Max Point Size: 63.375
21:02:28:  * Vertex texture fetch: yes
21:02:28:  * Number of world matrices: 0
21:02:28:  * Number of texture units: 32
21:02:28:  * Stencil buffer depth: 8
21:02:28:  * Number of vertex blend matrices: 0
21:02:28:    - Max vertex textures: 32
21:02:28:    - Vertex textures shared: yes
21:02:28:  * Render to Vertex Buffer : yes
21:02:28:  * GL 1.5 without VBO workaround: no
21:02:28:  * Frame Buffer objects: yes
21:02:28:  * Frame Buffer objects (ARB extension): no
21:02:28:  * Frame Buffer objects (ATI extension): no
21:02:28:  * PBuffer support: yes
21:02:28:  * GL 1.5 without HW-occlusion workaround: no
21:02:28: Registering ResourceManager for type Texture
21:02:28: DefaultWorkQueue('Root') initialising on thread main.
21:02:28: Particle Renderer Type 'billboard' registered
21:02:28: SceneManagerFactory for type 'OctreeSceneManager' registered.
21:02:28: SceneManagerFactory for type 'TerrainSceneManager' registered.
21:02:28: Creating resource group Bootstrap
21:02:28: Added resource location './Media/packs/OgreCore.zip' of type 'Zip' to resource group 'Bootstrap'
21:02:28: Added resource location './Media' of type 'FileSystem' to resource group 'General'
21:02:28: Added resource location './Media/fonts' of type 'FileSystem' to resource group 'General'
21:02:28: Added resource location './Media/materials/scripts' of type 'FileSystem' to resource group 'General'
21:02:28: Added resource location './Media/materials/textures' of type 'FileSystem' to resource group 'General'
21:02:28: Added resource location './Media/models' of type 'FileSystem' to resource group 'General'
21:02:28: Added resource location './Media/packs/Sinbad.zip' of type 'Zip' to resource group 'General'
21:02:28: Added resource location './Media/packs/CaelumPack.zip' of type 'Zip' to resource group 'General'
21:02:28: Added resource location './Media/packs/MiyagiPack.zip' of type 'Zip' to resource group 'General'
21:02:28: Parsing scripts for resource group Autodetect
21:02:28: Finished parsing scripts for resource group Autodetect
21:02:28: Parsing scripts for resource group Bootstrap
21:02:28: Parsing script OgreCore.material
21:02:28: Parsing script OgreProfiler.material
21:02:28: Parsing script Ogre.fontdef
21:02:28: Parsing script OgreDebugPanel.overlay
21:02:28: Texture: New_Ogre_Border_Center.png: Loading 1 faces(PF_A8R8G8B8,256x128x1) with 5 generated mipmaps from Image. Internal format is PF_A8R8G8B8,256x128x1.
21:02:28: Texture: New_Ogre_Border.png: Loading 1 faces(PF_A8R8G8B8,256x256x1) with 5 generated mipmaps from Image. Internal format is PF_A8R8G8B8,256x256x1.
21:02:28: Texture: New_Ogre_Border_Break.png: Loading 1 faces(PF_A8R8G8B8,32x32x1) with 5 generated mipmaps from Image. Internal format is PF_A8R8G8B8,32x32x1.
21:02:28: Parsing script OgreLoadingPanel.overlay
21:02:28: Finished parsing scripts for resource group Bootstrap
21:02:28: Parsing scripts for resource group General
21:02:28: Parsing script DepthRender.program
21:02:28: Parsing script GroundFog.program
21:02:28: Parsing script Haze.program
21:02:28: Parsing script MinimalCompositorVP.program
21:02:28: Parsing script cube.material
21:02:28: Parsing script Sinbad.material
21:02:28: Parsing script SkyDome.material
21:02:28: Parsing script Starfield.material
21:02:28: Parsing script Sun.material
21:02:28: Parsing script DepthComposer.material
21:02:28: Parsing script GroundFog.material
21:02:28: Parsing script LayeredClouds.material
21:02:28: Parsing script moon.material
21:02:28: Parsing script PointStarfield.material
21:02:28: Parsing script Precipitation.material
21:02:28: Parsing script DepthComposer.compositor
21:02:28: Parsing script Precipitation.compositor
21:02:28: Finished parsing scripts for resource group General
21:02:28: Parsing scripts for resource group Internal
21:02:28: Finished parsing scripts for resource group Internal
21:02:28: ***********************Program's Log***********************
21:02:29: Texture: spot_shadow_fade.png: Loading 1 faces(PF_R8G8B8,128x128x1) with 5 generated mipmaps from Image. Internal format is PF_X8R8G8B8,128x128x1.
21:02:29: --- Try to start up state : Game.States.MainMenu
21:02:29: Menu Created
21:02:29: Texture: ConsoleBackground.png: Loading 1 faces(PF_A8R8G8B8,375x35x1) with 5 generated mipmaps from Image. Internal format is PF_A8R8G8B8,375x35x1.
21:02:29: Texture: SheetSprite.png: Loading 1 faces(PF_R8G8B8,200x146x1) with 5 generated mipmaps from Image. Internal format is PF_X8R8G8B8,200x146x1.
21:02:29: Texture: Mouse Cursor.png: Loading 1 faces(PF_A8R8G8B8,32x32x1) with 5 generated mipmaps from Image. Internal format is PF_A8R8G8B8,32x32x1.
21:02:30: --- Try to start up state : Game.States.SecondMenuState
21:02:31: --- Try to start up state : Game.States.LoadingState
21:02:31: --- Popped state : Game.States.LoadingState
21:02:31: --- Try to start up state : Game.States.GameState
21:02:31: Now displaying
21:02:32: Caelum: Initialising Caelum system...
21:02:32: Caelum: Creating required internal resource group 'Caelum'
21:02:32: Creating resource group Caelum
21:02:32: CaelumSystem: Attached to viewport Mogre.Viewport render target SkyLands
21:02:32: Texture: EarthClearSky2.png: Loading 1 faces(PF_A8R8G8B8,64x64x1) with 0 generated mipmaps from Image. Internal format is PF_A8R8G8B8,64x64x1.
21:02:32: Texture: AtmosphereDepth.png: Loading 1 faces(PF_R8G8B8,32x1x1) with 5 generated mipmaps from Image. Internal format is PF_X8R8G8B8,32x1x1.
21:02:32: Caelum: Creating CaelumSphericDome sphere mesh resource...
21:02:32: Caelum: generateSphericDome DONE
21:02:32: Texture: sun_disc.png: Loading 1 faces(PF_A8R8G8B8,128x128x1) with 0 generated mipmaps from Image. Internal format is PF_A8R8G8B8,128x128x1.
21:02:32: Texture: Custom_sun_disc.png: Loading 1 faces(PF_A8R8G8B8,128x128x1) with 0 generated mipmaps from Image. Internal format is PF_A8R8G8B8,128x128x1.
21:02:32: Texture: moon_disc.dds: Loading 1 faces(PF_DXT3,512x512x1) with 9 custom mipmaps from Image. Internal format is PF_DXT3,512x512x1.
21:02:32: 
 
 New SpawnPoint at : Vector3(1000, 5050, 3400)
21:02:32: 2
21:02:32: 3
21:02:32: Mesh: Loading Sinbad.mesh.
21:02:32: Skeleton: Loading Sinbad.skeleton
21:02:32: WARNING: Sinbad.mesh is an older format ([MeshSerializer_v1.40]); you should upgrade it as soon as possible using the OgreMeshUpgrade tool.
21:02:32: Texture: sinbad_body.tga: Loading 1 faces(PF_R8G8B8,512x512x1) with 5 generated mipmaps from Image. Internal format is PF_X8R8G8B8,512x512x1.
21:02:32: Texture: sinbad_clothes.tga: Loading 1 faces(PF_R8G8B8,512x512x1) with 5 generated mipmaps from Image. Internal format is PF_X8R8G8B8,512x512x1.
21:02:32: Texture: sinbad_sword.tga: Loading 1 faces(PF_R8G8B8,256x256x1) with 5 generated mipmaps from Image. Internal format is PF_X8R8G8B8,256x256x1.
21:02:32: WARNING: the mesh 'Sinbad.mesh' includes vertices with more than 4 bone assignments. The lowest weighted assignments beyond this limit have been removed, so your animation may look slightly different. To eliminate this, reduce the number of bone assignments per vertex on your mesh to 4.
21:02:32: Mesh: Loading Sword.mesh.
21:02:32: WARNING: Sword.mesh is an older format ([MeshSerializer_v1.40]); you should upgrade it as soon as possible using the OgreMeshUpgrade tool.
21:02:32: Mesh: Loading cube.mesh.
21:02:32: WARNING: cube.mesh is an older format ([MeshSerializer_v1.40]); you should upgrade it as soon as possible using the OgreMeshUpgrade tool.
21:02:32: Can't assign material 1 - Default to SubEntity of Ogre/MO3 because this Material does not exist. Have you forgotten to define it in a .material script?
21:02:32: Can't assign material 1 - Default to SubEntity of Ogre/MO4 because this Material does not exist. Have you forgotten to define it in a .material script?
21:02:32: Can't assign material 1 - Default to SubEntity of Ogre/MO5 because this Material does not exist. Have you forgotten to define it in a .material script?
21:02:32: Can't assign material 1 - Default to SubEntity of Ogre/MO6 because this Material does not exist. Have you forgotten to define it in a .material script?
21:02:32: Can't assign material 1 - Default to SubEntity of Ogre/MO7 because this Material does not exist. Have you forgotten to define it in a .material script?
21:02:32: Can't assign material 1 - Default to SubEntity of Ogre/MO8 because this Material does not exist. Have you forgotten to define it in a .material script?
21:02:32: Can't assign material 1 - Default to SubEntity of Ogre/MO9 because this Material does not exist. Have you forgotten to define it in a .material script?
21:02:32: Can't assign material 1 - Default to SubEntity of Ogre/MO10 because this Material does not exist. Have you forgotten to define it in a .material script?
21:02:32: Can't assign material 1 - Default to SubEntity of Ogre/MO11 because this Material does not exist. Have you forgotten to define it in a .material script?
21:02:32: Can't assign material 1 - Default to SubEntity of Ogre/MO12 because this Material does not exist. Have you forgotten to define it in a .material script?
21:02:32: Can't assign material 1 - Default to SubEntity of Ogre/MO13 because this Material does not exist. Have you forgotten to define it in a .material script?
21:02:32: Can't assign material 1 - Default to SubEntity of Ogre/MO14 because this Material does not exist. Have you forgotten to define it in a .material script?
21:02:32: Can't assign material 1 - Default to SubEntity of Ogre/MO15 because this Material does not exist. Have you forgotten to define it in a .material script?
21:02:32: Can't assign material 1 - Default to SubEntity of Ogre/MO16 because this Material does not exist. Have you forgotten to define it in a .material script?
21:02:32: Can't assign material 1 - Default to SubEntity of Ogre/MO17 because this Material does not exist. Have you forgotten to define it in a .material script?
21:02:32: Can't assign material 1 - Default to SubEntity of Ogre/MO18 because this Material does not exist. Have you forgotten to define it in a .material script?
21:02:32: Can't assign material 1 - Default to SubEntity of Ogre/MO19 because this Material does not exist. Have you forgotten to define it in a .material script?
21:02:32: Can't assign material 1 - Default to SubEntity of Ogre/MO20 because this Material does not exist. Have you forgotten to define it in a .material script?
21:02:32: Can't assign material 1 - Default to SubEntity of Ogre/MO21 because this Material does not exist. Have you forgotten to define it in a .material script?
21:02:32: Can't assign material 1 - Default to SubEntity of Ogre/MO22 because this Material does not exist. Have you forgotten to define it in a .material script?
21:02:32: Can't assign material 1 - Default to SubEntity of Ogre/MO23 because this Material does not exist. Have you forgotten to define it in a .material script?
21:02:32: Can't assign material 1 - Default to SubEntity of Ogre/MO24 because this Material does not exist. Have you forgotten to define it in a .material script?
21:02:32: Can't assign material 1 - Default to SubEntity of Ogre/MO25 because this Material does not exist. Have you forgotten to define it in a .material script?
21:02:32: Can't assign material 1 - Default to SubEntity of Ogre/MO26 because this Material does not exist. Have you forgotten to define it in a .material script?
21:02:32: Can't assign material 1 - Default to SubEntity of Ogre/MO27 because this Material does not exist. Have you forgotten to define it in a .material script?
21:02:32: Can't assign material 1 - Default to SubEntity of Ogre/MO28 because this Material does not exist. Have you forgotten to define it in a .material script?
21:02:32: Can't assign material 1 - Default to SubEntity of Ogre/MO29 because this Material does not exist. Have you forgotten to define it in a .material script?
21:02:32: Can't assign material 1 - Default to SubEntity of Ogre/MO30 because this Material does not exist. Have you forgotten to define it in a .material script?
21:02:32: Can't assign material 1 - Default to SubEntity of Ogre/MO31 because this Material does not exist. Have you forgotten to define it in a .material script?
21:02:32: Can't assign material 1 - Default to SubEntity of Ogre/MO32 because this Material does not exist. Have you forgotten to define it in a .material script?
21:02:32: Can't assign material 1 - Default to SubEntity of Ogre/MO33 because this Material does not exist. Have you forgotten to define it in a .material script?
21:02:32: Can't assign material 1 - Default to SubEntity of Ogre/MO34 because this Material does not exist. Have you forgotten to define it in a .material script?
21:02:32: Can't assign material 1 - Default to SubEntity of Ogre/MO35 because this Material does not exist. Have you forgotten to define it in a .material script?
21:02:32: Can't assign material 1 - Default to SubEntity of Ogre/MO36 because this Material does not exist. Have you forgotten to define it in a .material script?
21:02:32: Can't assign material 1 - Default to SubEntity of Ogre/MO37 because this Material does not exist. Have you forgotten to define it in a .material script?
21:02:32: Can't assign material 1 - Default to SubEntity of Ogre/MO38 because this Material does not exist. Have you forgotten to define it in a .material script?
21:02:32: Can't assign material 1 - Default to SubEntity of Ogre/MO39 because this Material does not exist. Have you forgotten to define it in a .material script?
21:02:32: Can't assign material 1 - Default to SubEntity of Ogre/MO40 because this Material does not exist. Have you forgotten to define it in a .material script?
21:02:32: Can't assign material 1 - Default to SubEntity of Ogre/MO41 because this Material does not exist. Have you forgotten to define it in a .material script?
21:02:32: Can't assign material 1 - Default to SubEntity of Ogre/MO42 because this Material does not exist. Have you forgotten to define it in a .material script?
21:02:32: Can't assign material 1 - Default to SubEntity of Ogre/MO43 because this Material does not exist. Have you forgotten to define it in a .material script?
21:02:32: Can't assign material 1 - Default to SubEntity of Ogre/MO44 because this Material does not exist. Have you forgotten to define it in a .material script?
21:02:32: Can't assign material 1 - Default to SubEntity of Ogre/MO45 because this Material does not exist. Have you forgotten to define it in a .material script?
21:02:32: Can't assign material 1 - Default to SubEntity of Ogre/MO46 because this Material does not exist. Have you forgotten to define it in a .material script?
21:02:32: Can't assign material 1 - Default to SubEntity of Ogre/MO47 because this Material does not exist. Have you forgotten to define it in a .material script?
21:02:32: Player Sinbad added
21:02:32:  => Game loop begin
21:02:32: Caelum: Recomputing starfield geometry.
21:02:32: Texture: earth_side.jpg: Loading 1 faces(PF_R8G8B8,32x32x1) with 5 generated mipmaps from Image. Internal format is PF_X8R8G8B8,32x32x1.
21:02:32: Texture: soil.jpg: Loading 1 faces(PF_R8G8B8,32x32x1) with 5 generated mipmaps from Image. Internal format is PF_X8R8G8B8,32x32x1.
21:02:32: Texture: leaves.png: Loading 1 faces(PF_A8R8G8B8,16x16x1) with 4 generated mipmaps from Image. Internal format is PF_A8R8G8B8,16x16x1.
21:02:32: OGRE EXCEPTION(6:FileNotFoundException): Cannot locate resource grass3.jpg in resource group General or any other group. in ResourceGroupManager::openResource at C:\MCB\WorkingDirectory\Mogre\Builder\Main\OgreSrc\ogre\OgreMain\src\OgreResourceGroupManager.cpp (line 753)
21:02:32: Error loading texture grass3.jpg. Texture layer will be blank. Loading the texture failed with the following exception: OGRE EXCEPTION(6:FileNotFoundException): Cannot locate resource grass3.jpg in resource group General or any other group. in ResourceGroupManager::openResource at C:\MCB\WorkingDirectory\Mogre\Builder\Main\OgreSrc\ogre\OgreMain\src\OgreResourceGroupManager.cpp (line 753)
21:02:32: Texture: woodTop.png: Loading 1 faces(PF_A8R8G8B8,16x16x1) with 4 generated mipmaps from Image. Internal format is PF_A8R8G8B8,16x16x1.
21:02:32: Texture: wood.png: Loading 1 faces(PF_A8R8G8B8,16x16x1) with 4 generated mipmaps from Image. Internal format is PF_A8R8G8B8,16x16x1.
21:02:52:  => Game loop end
21:02:52: Caelum: Shutting down Caelum system...
21:02:52: Caelum: Delete UniversalClock
21:02:52: Caelum: CaelumSystem destroyed.
21:02:52: --- Popped state : Game.States.GameState
21:02:52: --- Popped state : Game.States.SecondMenuState
21:02:53: ***********************End of Program's Log***********************
21:02:53: --- Popped state : Game.States.MainMenu
21:02:53: DefaultWorkQueue('Root') shutting down on thread main.
21:02:53: *-*-* OGRE Shutdown
21:02:53: Unregistering ResourceManager for type Compositor
21:02:53: Unregistering ResourceManager for type Font
21:02:53: Unregistering ResourceManager for type Skeleton
21:02:53: Unregistering ResourceManager for type Mesh
21:02:53: Unregistering ResourceManager for type HighLevelGpuProgram
21:02:53: Uninstalling plugin: Cg Program Manager
21:02:53: Plugin successfully uninstalled
21:02:53: Unloading library Plugins\Plugin_CgProgramManager
21:02:53: Uninstalling plugin: Octree & Terrain Scene Manager
21:02:53: Plugin successfully uninstalled
21:02:53: Unloading library Plugins\Plugin_OctreeSceneManager
21:02:53: Uninstalling plugin: GL RenderSystem
21:02:53: Unregistering ResourceManager for type GpuProgram
21:02:53: *** Stopping Win32GL Subsystem ***
21:02:53: Unregistering ResourceManager for type Texture
21:02:53: Plugin successfully uninstalled
21:02:53: Unloading library Plugins\RenderSystem_GL
21:02:53: Unregistering ResourceManager for type Material
