16:21:29: Creating resource group General
16:21:29: Creating resource group Internal
16:21:29: Creating resource group Autodetect
16:21:29: SceneManagerFactory for type 'DefaultSceneManager' registered.
16:21:29: Registering ResourceManager for type Material
16:21:29: Registering ResourceManager for type Mesh
16:21:29: Registering ResourceManager for type Skeleton
16:21:29: MovableObjectFactory for type 'ParticleSystem' registered.
16:21:29: OverlayElementFactory for type Panel registered.
16:21:29: OverlayElementFactory for type BorderPanel registered.
16:21:29: OverlayElementFactory for type TextArea registered.
16:21:29: Registering ResourceManager for type Font
16:21:29: ArchiveFactory for archive type FileSystem registered.
16:21:29: ArchiveFactory for archive type Zip registered.
16:21:29: DDS codec registering
16:21:29: FreeImage version: 3.13.1
16:21:29: This program uses FreeImage, a free, open source image library supporting all common bitmap formats. See http://freeimage.sourceforge.net for details
16:21:29: Supported formats: bmp,ico,jpg,jif,jpeg,jpe,jng,koa,iff,lbm,mng,pbm,pbm,pcd,pcx,pgm,pgm,png,ppm,ppm,ras,tga,targa,tif,tiff,wap,wbmp,wbm,psd,cut,xbm,xpm,gif,hdr,g3,sgi,exr,j2k,j2c,jp2,pfm,pct,pict,pic,bay,bmq,cr2,crw,cs1,dc2,dcr,dng,erf,fff,hdr,k25,kdc,mdc,mos,mrw,nef,orf,pef,pxn,raf,raw,rdc,sr2,srf,arw,3fr,cine,ia,kc2,mef,nrw,qtk,rw2,sti,drf,dsc,ptx,cap,iiq,rwz
16:21:29: PVRTC codec registering
16:21:29: Registering ResourceManager for type HighLevelGpuProgram
16:21:29: Registering ResourceManager for type Compositor
16:21:29: MovableObjectFactory for type 'Entity' registered.
16:21:29: MovableObjectFactory for type 'Light' registered.
16:21:29: MovableObjectFactory for type 'BillboardSet' registered.
16:21:29: MovableObjectFactory for type 'ManualObject' registered.
16:21:29: MovableObjectFactory for type 'BillboardChain' registered.
16:21:29: MovableObjectFactory for type 'RibbonTrail' registered.
16:21:29: Loading library .\RenderSystem_Direct3D9
16:21:29: Installing plugin: D3D9 RenderSystem
16:21:29: D3D9 : Direct3D9 Rendering Subsystem created.
16:21:29: D3D9: Driver Detection Starts
16:21:29: D3D9: Driver Detection Ends
16:21:29: Plugin successfully installed
16:21:29: Loading library .\RenderSystem_GL
16:21:29: Installing plugin: GL RenderSystem
16:21:29: OpenGL Rendering Subsystem created.
16:21:29: Plugin successfully installed
16:21:29: Loading library .\Plugin_OctreeSceneManager
16:21:29: Installing plugin: Octree & Terrain Scene Manager
16:21:29: Plugin successfully installed
16:21:29: *-*-* OGRE Initialising
16:21:29: *-*-* Version 1.7.1 (Cthugha)
16:21:29: D3D9 : RenderSystem Option: Allow NVPerfHUD = No
16:21:29: D3D9 : RenderSystem Option: FSAA = 0
16:21:29: D3D9 : RenderSystem Option: Floating-point mode = Fastest
16:21:29: D3D9 : RenderSystem Option: Full Screen = No
16:21:29: D3D9 : RenderSystem Option: Rendering Device = Monitor-1-Standard VGA Graphics Adapter
16:21:29: D3D9 : RenderSystem Option: Resource Creation Policy = Create on all devices
16:21:29: D3D9 : RenderSystem Option: VSync = No
16:21:29: D3D9 : RenderSystem Option: VSync Interval = 1
16:21:29: D3D9 : RenderSystem Option: Video Mode = 800 x 600 @ 32-bit colour
16:21:29: D3D9 : RenderSystem Option: sRGB Gamma Conversion = No
16:21:36: D3D9 : Shutting down cleanly.
16:21:36: CPU Identifier & Features
16:21:36: -------------------------
16:21:36:  *   CPU ID: GenuineIntel: Intel(R) Core(TM) i7-3770 CPU @ 3.40GHz
16:21:36:  *      SSE: yes
16:21:36:  *     SSE2: yes
16:21:36:  *     SSE3: yes
16:21:36:  *      MMX: yes
16:21:36:  *   MMXEXT: yes
16:21:36:  *    3DNOW: no
16:21:36:  * 3DNOWEXT: no
16:21:36:  *     CMOV: yes
16:21:36:  *      TSC: yes
16:21:36:  *      FPU: yes
16:21:36:  *      PRO: yes
16:21:36:  *       HT: no
16:21:36: -------------------------
16:21:36: *** Starting Win32GL Subsystem ***
16:21:36: GLRenderSystem::_createRenderWindow "TutorialApplication Render Window", 1024x768 windowed  miscParams: FSAA=0 FSAAHint= colourDepth=32 displayFrequency=0 gamma=false vsync=false vsyncInterval=1 
16:21:36: Created Win32Window 'TutorialApplication Render Window' : 1040x806, 32bpp
16:21:36: GL_VERSION = 1.1.0
16:21:36: GL_VENDOR = Microsoft Corporation
16:21:36: GL_RENDERER = GDI Generic
16:21:36: GL_EXTENSIONS = GL_WIN_swap_hint GL_EXT_bgra GL_EXT_paletted_texture
16:21:36: ***************************
16:21:36: *** GL Renderer Started ***
16:21:36: ***************************
16:21:36: Registering ResourceManager for type GpuProgram
16:21:36: GL: Using framebuffer copy for rendering to textures (worst)
16:21:36: GL: Warning: RenderTexture size is restricted to size of framebuffer. If you are on Linux, consider using GLX instead of SDL.
16:21:36: RenderSystem capabilities
16:21:36: -------------------------
16:21:36: RenderSystem Name: OpenGL Rendering Subsystem
16:21:36: GPU Vendor: unknown
16:21:36: Device Name: GDI Generic
16:21:36: Driver Version: 1.1.0.0
16:21:36:  * Fixed function pipeline: yes
16:21:36:  * Hardware generation of mipmaps: no
16:21:36:  * Texture blending: no
16:21:36:  * Anisotropic texture filtering: no
16:21:36:  * Dot product texture operation: no
16:21:36:  * Cube mapping: no
16:21:36:  * Hardware stencil buffer: yes
16:21:36:    - Stencil depth: 8
16:21:36:    - Two sided stencil support: no
16:21:36:    - Wrap stencil values: no
16:21:36:  * Hardware vertex / index buffers: no
16:21:36:  * Vertex programs: no
16:21:36:  * Number of floating-point constants for vertex programs: 0
16:21:36:  * Number of integer constants for vertex programs: 0
16:21:36:  * Number of boolean constants for vertex programs: 0
16:21:36:  * Fragment programs: no
16:21:36:  * Number of floating-point constants for fragment programs: 0
16:21:36:  * Number of integer constants for fragment programs: 0
16:21:36:  * Number of boolean constants for fragment programs: 0
16:21:36:  * Geometry programs: no
16:21:36:  * Number of floating-point constants for geometry programs: 0
16:21:36:  * Number of integer constants for geometry programs: 0
16:21:36:  * Number of boolean constants for geometry programs: 0
16:21:36:  * Supported Shader Profiles:
16:21:36:  * Texture Compression: no
16:21:36:  * Scissor Rectangle: yes
16:21:36:  * Hardware Occlusion Query: no
16:21:36:  * User clip planes: yes
16:21:36:  * VET_UBYTE4 vertex element type: yes
16:21:36:  * Infinite far plane projection: yes
16:21:36:  * Hardware render-to-texture: no
16:21:36:  * Floating point textures: no
16:21:36:  * Non-power-of-two textures: no
16:21:36:  * Volume textures: yes
16:21:36:  * Multiple Render Targets: 1
16:21:36:    - With different bit depths: no
16:21:36:  * Point Sprites: no
16:21:36:  * Extended point parameters: no
16:21:36:  * Max Point Size: 10
16:21:36:  * Vertex texture fetch: no
16:21:36:  * Number of world matrices: 0
16:21:36:  * Number of texture units: 1
16:21:36:  * Stencil buffer depth: 8
16:21:36:  * Number of vertex blend matrices: 0
16:21:36:  * Render to Vertex Buffer : no
16:21:36:  * GL 1.5 without VBO workaround: no
16:21:36:  * Frame Buffer objects: no
16:21:36:  * Frame Buffer objects (ARB extension): no
16:21:36:  * Frame Buffer objects (ATI extension): no
16:21:36:  * PBuffer support: no
16:21:36:  * GL 1.5 without HW-occlusion workaround: no
16:21:36: Registering ResourceManager for type Texture
16:21:36: DefaultWorkQueue('Root') initialising on thread main.
16:21:36: Particle Renderer Type 'billboard' registered
16:21:36: SceneManagerFactory for type 'OctreeSceneManager' registered.
16:21:36: SceneManagerFactory for type 'TerrainSceneManager' registered.
16:21:36: Creating resource group Bootstrap
16:21:36: Added resource location '../../Media/packs/OgreCore.zip' of type 'Zip' to resource group 'Bootstrap'
16:21:36: Added resource location '../../Media' of type 'FileSystem' to resource group 'General'
16:21:36: Added resource location '../../Media/fonts' of type 'FileSystem' to resource group 'General'
16:21:36: Added resource location '../../Media/materials/scripts' of type 'FileSystem' to resource group 'General'
16:21:36: Added resource location '../../Media/materials/textures' of type 'FileSystem' to resource group 'General'
16:21:36: Added resource location '../../Media/models' of type 'FileSystem' to resource group 'General'
16:21:36: Added resource location '../../Media/packs/Sinbad.zip' of type 'Zip' to resource group 'General'
16:21:36: Parsing scripts for resource group Autodetect
16:21:36: Finished parsing scripts for resource group Autodetect
16:21:36: Parsing scripts for resource group Bootstrap
16:21:36: Parsing script OgreCore.material
16:21:36: Parsing script OgreProfiler.material
16:21:36: Parsing script Ogre.fontdef
16:21:36: Parsing script OgreDebugPanel.overlay
16:21:36: Texture: New_Ogre_Border_Center.png: Loading 1 faces(PF_A8R8G8B8,256x128x1) with 5 generated mipmaps from Image. Internal format is PF_A8R8G8B8,256x128x1.
16:21:36: Texture: New_Ogre_Border.png: Loading 1 faces(PF_A8R8G8B8,256x256x1) with 5 generated mipmaps from Image. Internal format is PF_A8R8G8B8,256x256x1.
16:21:36: Texture: New_Ogre_Border_Break.png: Loading 1 faces(PF_A8R8G8B8,32x32x1) with 5 generated mipmaps from Image. Internal format is PF_A8R8G8B8,32x32x1.
16:21:36: Texture: ogretext.png: Loading 1 faces(PF_A8R8G8B8,256x128x1) with 5 generated mipmaps from Image. Internal format is PF_A8R8G8B8,256x128x1.
16:21:36: Parsing script OgreLoadingPanel.overlay
16:21:36: Finished parsing scripts for resource group Bootstrap
16:21:36: Parsing scripts for resource group General
16:21:36: Parsing script black.material
16:21:36: Parsing script cube.material
16:21:36: Parsing script Sinbad.material
16:21:36: Finished parsing scripts for resource group General
16:21:36: Parsing scripts for resource group Internal
16:21:36: Finished parsing scripts for resource group Internal
16:21:36: *** Initializing OIS ***
16:21:36: Font BlueHighwayusing texture size 512x512
16:21:36: Info: Freetype returned null for character 127 in font BlueHighway
16:21:36: Info: Freetype returned null for character 128 in font BlueHighway
16:21:36: Info: Freetype returned null for character 129 in font BlueHighway
16:21:36: Info: Freetype returned null for character 130 in font BlueHighway
16:21:36: Info: Freetype returned null for character 131 in font BlueHighway
16:21:36: Info: Freetype returned null for character 132 in font BlueHighway
16:21:36: Info: Freetype returned null for character 133 in font BlueHighway
16:21:36: Info: Freetype returned null for character 134 in font BlueHighway
16:21:36: Info: Freetype returned null for character 135 in font BlueHighway
16:21:36: Info: Freetype returned null for character 136 in font BlueHighway
16:21:36: Info: Freetype returned null for character 137 in font BlueHighway
16:21:36: Info: Freetype returned null for character 138 in font BlueHighway
16:21:36: Info: Freetype returned null for character 139 in font BlueHighway
16:21:36: Info: Freetype returned null for character 140 in font BlueHighway
16:21:36: Info: Freetype returned null for character 141 in font BlueHighway
16:21:36: Info: Freetype returned null for character 142 in font BlueHighway
16:21:36: Info: Freetype returned null for character 143 in font BlueHighway
16:21:36: Info: Freetype returned null for character 144 in font BlueHighway
16:21:36: Info: Freetype returned null for character 145 in font BlueHighway
16:21:36: Info: Freetype returned null for character 146 in font BlueHighway
16:21:36: Info: Freetype returned null for character 147 in font BlueHighway
16:21:36: Info: Freetype returned null for character 148 in font BlueHighway
16:21:36: Info: Freetype returned null for character 149 in font BlueHighway
16:21:36: Info: Freetype returned null for character 150 in font BlueHighway
16:21:36: Info: Freetype returned null for character 151 in font BlueHighway
16:21:36: Info: Freetype returned null for character 152 in font BlueHighway
16:21:36: Info: Freetype returned null for character 153 in font BlueHighway
16:21:36: Info: Freetype returned null for character 154 in font BlueHighway
16:21:36: Info: Freetype returned null for character 155 in font BlueHighway
16:21:36: Info: Freetype returned null for character 156 in font BlueHighway
16:21:36: Info: Freetype returned null for character 157 in font BlueHighway
16:21:36: Info: Freetype returned null for character 158 in font BlueHighway
16:21:36: Info: Freetype returned null for character 159 in font BlueHighway
16:21:36: Info: Freetype returned null for character 160 in font BlueHighway
16:21:36: Texture: BlueHighwayTexture: Loading 1 faces(PF_BYTE_LA,512x512x1) with 0 generated mipmaps from Image. Internal format is PF_BYTE_LA,512x512x1.
16:21:39: DefaultWorkQueue('Root') shutting down on thread main.
16:21:39: *-*-* OGRE Shutdown
16:21:39: Unregistering ResourceManager for type Compositor
