14:16:36: Creating resource group General
14:16:36: Creating resource group Internal
14:16:36: Creating resource group Autodetect
14:16:36: SceneManagerFactory for type 'DefaultSceneManager' registered.
14:16:36: Registering ResourceManager for type Material
14:16:36: Registering ResourceManager for type Mesh
14:16:36: Registering ResourceManager for type Skeleton
14:16:36: MovableObjectFactory for type 'ParticleSystem' registered.
14:16:36: OverlayElementFactory for type Panel registered.
14:16:36: OverlayElementFactory for type BorderPanel registered.
14:16:36: OverlayElementFactory for type TextArea registered.
14:16:36: Registering ResourceManager for type Font
14:16:36: ArchiveFactory for archive type FileSystem registered.
14:16:36: ArchiveFactory for archive type Zip registered.
14:16:36: DDS codec registering
14:16:36: FreeImage version: 3.13.1
14:16:36: This program uses FreeImage, a free, open source image library supporting all common bitmap formats. See http://freeimage.sourceforge.net for details
14:16:36: Supported formats: bmp,ico,jpg,jif,jpeg,jpe,jng,koa,iff,lbm,mng,pbm,pbm,pcd,pcx,pgm,pgm,png,ppm,ppm,ras,tga,targa,tif,tiff,wap,wbmp,wbm,psd,cut,xbm,xpm,gif,hdr,g3,sgi,exr,j2k,j2c,jp2,pfm,pct,pict,pic,bay,bmq,cr2,crw,cs1,dc2,dcr,dng,erf,fff,hdr,k25,kdc,mdc,mos,mrw,nef,orf,pef,pxn,raf,raw,rdc,sr2,srf,arw,3fr,cine,ia,kc2,mef,nrw,qtk,rw2,sti,drf,dsc,ptx,cap,iiq,rwz
14:16:36: PVRTC codec registering
14:16:36: Registering ResourceManager for type HighLevelGpuProgram
14:16:36: Registering ResourceManager for type Compositor
14:16:36: MovableObjectFactory for type 'Entity' registered.
14:16:36: MovableObjectFactory for type 'Light' registered.
14:16:36: MovableObjectFactory for type 'BillboardSet' registered.
14:16:36: MovableObjectFactory for type 'ManualObject' registered.
14:16:36: MovableObjectFactory for type 'BillboardChain' registered.
14:16:36: MovableObjectFactory for type 'RibbonTrail' registered.
14:16:36: Loading library .\RenderSystem_Direct3D9
14:16:36: Installing plugin: D3D9 RenderSystem
14:16:36: D3D9 : Direct3D9 Rendering Subsystem created.
14:16:36: D3D9: Driver Detection Starts
14:16:36: D3D9: Driver Detection Ends
14:16:36: Plugin successfully installed
14:16:36: Loading library .\RenderSystem_GL
14:16:36: Installing plugin: GL RenderSystem
14:16:36: OpenGL Rendering Subsystem created.
14:16:36: Plugin successfully installed
14:16:36: Loading library .\Plugin_OctreeSceneManager
14:16:36: Installing plugin: Octree & Terrain Scene Manager
14:16:36: Plugin successfully installed
14:16:36: *-*-* OGRE Initialising
14:16:36: *-*-* Version 1.7.1 (Cthugha)
14:16:36: D3D9 : RenderSystem Option: Allow NVPerfHUD = No
14:16:36: D3D9 : RenderSystem Option: FSAA = 0
14:16:36: D3D9 : RenderSystem Option: Floating-point mode = Fastest
14:16:36: D3D9 : RenderSystem Option: Full Screen = Yes
14:16:36: D3D9 : RenderSystem Option: Rendering Device = Monitor-1-Intel(R) 82945G Express Chipset Family
14:16:36: D3D9 : RenderSystem Option: Resource Creation Policy = Create on all devices
14:16:36: D3D9 : RenderSystem Option: VSync = No
14:16:36: D3D9 : RenderSystem Option: VSync Interval = 1
14:16:36: D3D9 : RenderSystem Option: Video Mode = 800 x 600 @ 32-bit colour
14:16:36: D3D9 : RenderSystem Option: sRGB Gamma Conversion = No
14:16:37: CPU Identifier & Features
14:16:37: -------------------------
14:16:37:  *   CPU ID: GenuineIntel: Intel(R) Core(TM) i7-3770 CPU @ 3.40GHz
14:16:37:  *      SSE: yes
14:16:37:  *     SSE2: yes
14:16:37:  *     SSE3: yes
14:16:37:  *      MMX: yes
14:16:37:  *   MMXEXT: yes
14:16:37:  *    3DNOW: no
14:16:37:  * 3DNOWEXT: no
14:16:37:  *     CMOV: yes
14:16:37:  *      TSC: yes
14:16:37:  *      FPU: yes
14:16:37:  *      PRO: yes
14:16:37:  *       HT: no
14:16:37: -------------------------
14:16:37: *** Starting Win32GL Subsystem ***
14:16:37: GLRenderSystem::_createRenderWindow "TutorialApplication Render Window", 1024x768 windowed  miscParams: FSAA=0 FSAAHint= colourDepth=32 displayFrequency=0 gamma=false vsync=false vsyncInterval=1 
14:16:37: Created Win32Window 'TutorialApplication Render Window' : 1040x806, 32bpp
14:16:37: GL_VERSION = 1.1.0
14:16:37: GL_VENDOR = Microsoft Corporation
14:16:37: GL_RENDERER = GDI Generic
14:16:37: GL_EXTENSIONS = GL_WIN_swap_hint GL_EXT_bgra GL_EXT_paletted_texture
14:16:37: ***************************
14:16:37: *** GL Renderer Started ***
14:16:37: ***************************
14:16:37: Registering ResourceManager for type GpuProgram
14:16:37: GL: Using framebuffer copy for rendering to textures (worst)
14:16:37: GL: Warning: RenderTexture size is restricted to size of framebuffer. If you are on Linux, consider using GLX instead of SDL.
14:16:37: RenderSystem capabilities
14:16:37: -------------------------
14:16:37: RenderSystem Name: OpenGL Rendering Subsystem
14:16:37: GPU Vendor: unknown
14:16:37: Device Name: GDI Generic
14:16:37: Driver Version: 1.1.0.0
14:16:37:  * Fixed function pipeline: yes
14:16:37:  * Hardware generation of mipmaps: no
14:16:37:  * Texture blending: no
14:16:37:  * Anisotropic texture filtering: no
14:16:37:  * Dot product texture operation: no
14:16:37:  * Cube mapping: no
14:16:37:  * Hardware stencil buffer: yes
14:16:37:    - Stencil depth: 8
14:16:37:    - Two sided stencil support: no
14:16:37:    - Wrap stencil values: no
14:16:37:  * Hardware vertex / index buffers: no
14:16:37:  * Vertex programs: no
14:16:37:  * Number of floating-point constants for vertex programs: 0
14:16:37:  * Number of integer constants for vertex programs: 0
14:16:37:  * Number of boolean constants for vertex programs: 0
14:16:37:  * Fragment programs: no
14:16:37:  * Number of floating-point constants for fragment programs: 0
14:16:37:  * Number of integer constants for fragment programs: 0
14:16:37:  * Number of boolean constants for fragment programs: 0
14:16:37:  * Geometry programs: no
14:16:37:  * Number of floating-point constants for geometry programs: 0
14:16:37:  * Number of integer constants for geometry programs: 0
14:16:37:  * Number of boolean constants for geometry programs: 0
14:16:37:  * Supported Shader Profiles:
14:16:37:  * Texture Compression: no
14:16:37:  * Scissor Rectangle: yes
14:16:37:  * Hardware Occlusion Query: no
14:16:37:  * User clip planes: yes
14:16:37:  * VET_UBYTE4 vertex element type: yes
14:16:37:  * Infinite far plane projection: yes
14:16:37:  * Hardware render-to-texture: no
14:16:37:  * Floating point textures: no
14:16:37:  * Non-power-of-two textures: no
14:16:37:  * Volume textures: yes
14:16:37:  * Multiple Render Targets: 1
14:16:37:    - With different bit depths: no
14:16:37:  * Point Sprites: no
14:16:37:  * Extended point parameters: no
14:16:37:  * Max Point Size: 10
14:16:37:  * Vertex texture fetch: no
14:16:37:  * Number of world matrices: 0
14:16:37:  * Number of texture units: 1
14:16:37:  * Stencil buffer depth: 8
14:16:37:  * Number of vertex blend matrices: 0
14:16:37:  * Render to Vertex Buffer : no
14:16:37:  * GL 1.5 without VBO workaround: no
14:16:37:  * Frame Buffer objects: no
14:16:37:  * Frame Buffer objects (ARB extension): no
14:16:37:  * Frame Buffer objects (ATI extension): no
14:16:37:  * PBuffer support: no
14:16:37:  * GL 1.5 without HW-occlusion workaround: no
14:16:37: Registering ResourceManager for type Texture
14:16:37: DefaultWorkQueue('Root') initialising on thread main.
14:16:37: Particle Renderer Type 'billboard' registered
14:16:37: SceneManagerFactory for type 'OctreeSceneManager' registered.
14:16:37: SceneManagerFactory for type 'TerrainSceneManager' registered.
14:16:37: Creating resource group Bootstrap
14:16:37: Added resource location '../../Media/packs/OgreCore.zip' of type 'Zip' to resource group 'Bootstrap'
14:16:37: Added resource location '../../Media' of type 'FileSystem' to resource group 'General'
14:16:37: Added resource location '../../Media/fonts' of type 'FileSystem' to resource group 'General'
14:16:37: Added resource location '../../Media/materials/programs' of type 'FileSystem' to resource group 'General'
14:16:37: Added resource location '../../Media/materials/scripts' of type 'FileSystem' to resource group 'General'
14:16:37: Added resource location '../../Media/materials/textures' of type 'FileSystem' to resource group 'General'
14:16:37: Added resource location '../../Media/models' of type 'FileSystem' to resource group 'General'
14:16:37: Added resource location '../../Media/packs/cubemap.zip' of type 'Zip' to resource group 'General'
14:16:37: Added resource location '../../Media/packs/skybox.zip' of type 'Zip' to resource group 'General'
14:16:37: Parsing scripts for resource group Autodetect
14:16:37: Finished parsing scripts for resource group Autodetect
14:16:37: Parsing scripts for resource group Bootstrap
14:16:37: Parsing script OgreCore.material
14:16:37: Parsing script OgreProfiler.material
14:16:37: Parsing script Ogre.fontdef
14:16:37: Parsing script OgreDebugPanel.overlay
14:16:37: Texture: New_Ogre_Border_Center.png: Loading 1 faces(PF_A8R8G8B8,256x128x1) with 5 generated mipmaps from Image. Internal format is PF_A8R8G8B8,256x128x1.
14:16:37: Texture: New_Ogre_Border.png: Loading 1 faces(PF_A8R8G8B8,256x256x1) with 5 generated mipmaps from Image. Internal format is PF_A8R8G8B8,256x256x1.
14:16:37: Texture: New_Ogre_Border_Break.png: Loading 1 faces(PF_A8R8G8B8,32x32x1) with 5 generated mipmaps from Image. Internal format is PF_A8R8G8B8,32x32x1.
14:16:37: Texture: ogretext.png: Loading 1 faces(PF_A8R8G8B8,256x128x1) with 5 generated mipmaps from Image. Internal format is PF_A8R8G8B8,256x128x1.
14:16:37: Parsing script OgreLoadingPanel.overlay
14:16:37: Finished parsing scripts for resource group Bootstrap
14:16:37: Parsing scripts for resource group General
14:16:37: Parsing script Examples.program
14:16:37: Parsing script StdQuad_vp.program
14:16:37: Parsing script BlackAndWhite.material
14:16:37: Parsing script Bloom.material
14:16:37: Parsing script cube.material
14:16:37: Parsing script DepthShadowmap.material
14:16:37: Parsing script DOF.material
14:16:37: Compiler error: object name expected in DOF.material(55)
14:16:37: Parsing script Embossed.material
14:16:37: Parsing script Example-DynTex.material
14:16:37: Parsing script Example-Water.material
14:16:37: Parsing script Example.material
14:16:37: Parsing script Examples-Advanced.material
14:16:37: Compiler error: object unsupported by render system in Examples-Advanced.material(648)
14:16:37: Parsing script facial.material
14:16:37: Parsing script Glass.material
14:16:37: Parsing script hdr.material
14:16:37: Parsing script HeatVision.material
14:16:37: Parsing script Hurt.material
14:16:37: Parsing script instancing.material
14:16:37: Parsing script Invert.material
14:16:37: Parsing script Laplace.material
14:16:37: Parsing script MotionBlur.material
14:16:37: Parsing script Ocean.material
14:16:37: Parsing script OffsetMapping.material
14:16:37: Compiler error: object unsupported by render system in OffsetMapping.material(18)
14:16:37: Parsing script Ogre.material
14:16:37: Parsing script OgreNewt_Example.material
14:16:37: Compiler error: unknown error in OgreNewt_Example.material(8): token "#ambient" is not recognized
14:16:37: Parsing script OldMovie.material
14:16:37: Parsing script OldTV.material
14:16:37: Parsing script Posterize.material
14:16:37: Parsing script red.material
14:16:37: Parsing script RZR-002.material
14:16:37: Parsing script SharpenEdges.material
14:16:37: Parsing script smoke.material
14:16:37: Parsing script Tiling.material
14:16:37: Parsing script VarianceShadowmap.material
14:16:37: Parsing script Examples.compositor
14:16:37: Finished parsing scripts for resource group General
14:16:37: Parsing scripts for resource group Internal
14:16:37: Finished parsing scripts for resource group Internal
14:16:37: Texture: stevecube_fr.jpg: Loading 1 faces(PF_R8G8B8,512x512x1) with 5 generated mipmaps from Image. Internal format is PF_X8R8G8B8,512x512x1.
14:16:37: Texture: stevecube_bk.jpg: Loading 1 faces(PF_R8G8B8,512x512x1) with 5 generated mipmaps from Image. Internal format is PF_X8R8G8B8,512x512x1.
14:16:37: Texture: stevecube_lf.jpg: Loading 1 faces(PF_R8G8B8,512x512x1) with 5 generated mipmaps from Image. Internal format is PF_X8R8G8B8,512x512x1.
14:16:37: Texture: stevecube_rt.jpg: Loading 1 faces(PF_R8G8B8,512x512x1) with 5 generated mipmaps from Image. Internal format is PF_X8R8G8B8,512x512x1.
14:16:38: Texture: stevecube_up.jpg: Loading 1 faces(PF_R8G8B8,512x512x1) with 5 generated mipmaps from Image. Internal format is PF_X8R8G8B8,512x512x1.
14:16:38: Texture: stevecube_dn.jpg: Loading 1 faces(PF_R8G8B8,512x512x1) with 5 generated mipmaps from Image. Internal format is PF_X8R8G8B8,512x512x1.
14:16:38: Mesh: Loading ogrehead.mesh.
14:16:38: WARNING: ogrehead.mesh is an older format ([MeshSerializer_v1.40]); you should upgrade it as soon as possible using the OgreMeshUpgrade tool.
14:16:38: Texture: WeirdEye.png: Loading 1 faces(PF_R8G8B8,256x256x1) with 5 generated mipmaps from Image. Internal format is PF_X8R8G8B8,256x256x1.
14:16:38: Texture: GreenSkin.jpg: Loading 1 faces(PF_R8G8B8,256x256x1) with 5 generated mipmaps from Image. Internal format is PF_X8R8G8B8,256x256x1.
14:16:38: Texture: spheremap.png: Loading 1 faces(PF_R8G8B8,256x256x1) with 5 generated mipmaps from Image. Internal format is PF_X8R8G8B8,256x256x1.
14:16:38: Texture: dirt01.jpg: Loading 1 faces(PF_R8G8B8,96x96x1) with 5 generated mipmaps from Image. Internal format is PF_X8R8G8B8,128x128x1.
14:16:38: *** Initializing OIS ***
14:16:38: Font BlueHighwayusing texture size 512x512
14:16:38: Info: Freetype returned null for character 127 in font BlueHighway
14:16:38: Info: Freetype returned null for character 128 in font BlueHighway
14:16:38: Info: Freetype returned null for character 129 in font BlueHighway
14:16:38: Info: Freetype returned null for character 130 in font BlueHighway
14:16:38: Info: Freetype returned null for character 131 in font BlueHighway
14:16:38: Info: Freetype returned null for character 132 in font BlueHighway
14:16:38: Info: Freetype returned null for character 133 in font BlueHighway
14:16:38: Info: Freetype returned null for character 134 in font BlueHighway
14:16:38: Info: Freetype returned null for character 135 in font BlueHighway
14:16:38: Info: Freetype returned null for character 136 in font BlueHighway
14:16:38: Info: Freetype returned null for character 137 in font BlueHighway
14:16:38: Info: Freetype returned null for character 138 in font BlueHighway
14:16:38: Info: Freetype returned null for character 139 in font BlueHighway
14:16:38: Info: Freetype returned null for character 140 in font BlueHighway
14:16:38: Info: Freetype returned null for character 141 in font BlueHighway
14:16:38: Info: Freetype returned null for character 142 in font BlueHighway
14:16:38: Info: Freetype returned null for character 143 in font BlueHighway
14:16:38: Info: Freetype returned null for character 144 in font BlueHighway
14:16:38: Info: Freetype returned null for character 145 in font BlueHighway
14:16:38: Info: Freetype returned null for character 146 in font BlueHighway
14:16:38: Info: Freetype returned null for character 147 in font BlueHighway
14:16:38: Info: Freetype returned null for character 148 in font BlueHighway
14:16:38: Info: Freetype returned null for character 149 in font BlueHighway
14:16:38: Info: Freetype returned null for character 150 in font BlueHighway
14:16:38: Info: Freetype returned null for character 151 in font BlueHighway
14:16:38: Info: Freetype returned null for character 152 in font BlueHighway
14:16:38: Info: Freetype returned null for character 153 in font BlueHighway
14:16:38: Info: Freetype returned null for character 154 in font BlueHighway
14:16:38: Info: Freetype returned null for character 155 in font BlueHighway
14:16:38: Info: Freetype returned null for character 156 in font BlueHighway
14:16:38: Info: Freetype returned null for character 157 in font BlueHighway
14:16:38: Info: Freetype returned null for character 158 in font BlueHighway
14:16:38: Info: Freetype returned null for character 159 in font BlueHighway
14:16:38: Info: Freetype returned null for character 160 in font BlueHighway
14:16:38: Texture: BlueHighwayTexture: Loading 1 faces(PF_BYTE_LA,512x512x1) with 0 generated mipmaps from Image. Internal format is PF_BYTE_LA,512x512x1.
14:17:22: DefaultWorkQueue('Root') shutting down on thread main.
